     Time          X        Xpath          Y        Ypath          Z        Zpath       Xdiff       Ydiff       Zdiff  Longitude err  L1_error  L1_error_max Xpathdot
  0.1000E-02  0.5000E+03  0.5000E+03  0.1500E-01  0.1500E-01 -0.2500E+03 -0.2500E+03 -0.7674E-11 -0.9061E-12 -0.2217E-11 -0.9059E-12  0.7988E-11  0.7988E-11  0.1500E+02
  0.1000E+01  0.4998E+03  0.4998E+03  0.1500E+02  0.1500E+02 -0.2500E+03 -0.2500E+03 -0.4464E-05 -0.8797E-06  0.4987E-06 -0.7454E-06  0.4516E-05  0.4516E-05  0.1500E+02
  0.2000E+01  0.4991E+03  0.4991E+03  0.2998E+02  0.2998E+02 -0.2500E+03 -0.2500E+03 -0.6977E-05 -0.2065E-05  0.1242E-05 -0.1643E-05  0.7196E-05  0.7196E-05  0.1500E+02
  0.3000E+01  0.4980E+03  0.4980E+03  0.4494E+02  0.4494E+02 -0.2500E+03 -0.2500E+03 -0.6339E-05 -0.2799E-05  0.1544E-05 -0.2218E-05  0.6744E-05  0.7205E-05  0.1500E+02
  0.4000E+01  0.4964E+03  0.4964E+03  0.5986E+02  0.5986E+02 -0.2500E+03 -0.2500E+03 -0.6052E-05 -0.3306E-05  0.1646E-05 -0.2557E-05  0.6612E-05  0.7205E-05  0.1500E+02
  0.5000E+01  0.4944E+03  0.4944E+03  0.7472E+02  0.7472E+02 -0.2500E+03 -0.2500E+03 -0.6030E-05 -0.3675E-05  0.1679E-05 -0.2733E-05  0.6725E-05  0.7205E-05  0.1500E+02
  0.6000E+01  0.4919E+03  0.4919E+03  0.8951E+02  0.8951E+02 -0.2500E+03 -0.2500E+03 -0.5913E-05 -0.3932E-05  0.1681E-05 -0.2810E-05  0.6734E-05  0.7205E-05  0.1500E+02
  0.7000E+01  0.4890E+03  0.4890E+03  0.1042E+03  0.1042E+03 -0.2500E+03 -0.2500E+03 -0.5775E-05 -0.4134E-05  0.1673E-05 -0.2839E-05  0.6721E-05  0.7205E-05  0.1500E+02
  0.8000E+01  0.4857E+03  0.4857E+03  0.1189E+03  0.1189E+03 -0.2500E+03 -0.2500E+03 -0.5648E-05 -0.4313E-05  0.1665E-05 -0.2847E-05  0.6721E-05  0.7205E-05  0.1500E+02
  0.9000E+01  0.4819E+03  0.4819E+03  0.1334E+03  0.1334E+03 -0.2500E+03 -0.2500E+03 -0.5518E-05 -0.4481E-05  0.1660E-05 -0.2847E-05  0.6721E-05  0.7205E-05  0.1500E+02
  0.1000E+02  0.4777E+03  0.4777E+03  0.1478E+03  0.1478E+03 -0.2500E+03 -0.2500E+03 -0.5381E-05 -0.4642E-05  0.1657E-05 -0.2845E-05  0.6720E-05  0.7205E-05  0.1500E+02
  0.1100E+02  0.4730E+03  0.4730E+03  0.1620E+03  0.1620E+03 -0.2500E+03 -0.2500E+03 -0.5240E-05 -0.4800E-05  0.1656E-05 -0.2843E-05  0.6720E-05  0.7205E-05  0.1500E+02
  0.1200E+02  0.4679E+03  0.4679E+03  0.1761E+03  0.1761E+03 -0.2500E+03 -0.2500E+03 -0.5094E-05 -0.4953E-05  0.1655E-05 -0.2841E-05  0.6720E-05  0.7205E-05  0.1500E+02
  0.1300E+02  0.4625E+03  0.4625E+03  0.1901E+03  0.1901E+03 -0.2500E+03 -0.2500E+03 -0.4944E-05 -0.5103E-05  0.1655E-05 -0.2840E-05  0.6720E-05  0.7205E-05  0.1500E+02
  0.1400E+02  0.4565E+03  0.4565E+03  0.2039E+03  0.2039E+03 -0.2500E+03 -0.2500E+03 -0.4789E-05 -0.5249E-05  0.1654E-05 -0.2840E-05  0.6719E-05  0.7205E-05  0.1500E+02
  0.1500E+02  0.4502E+03  0.4502E+03  0.2175E+03  0.2175E+03 -0.2500E+03 -0.2500E+03 -0.4629E-05 -0.5390E-05  0.1654E-05 -0.2840E-05  0.6719E-05  0.7205E-05  0.1500E+02
  0.1600E+02  0.4435E+03  0.4435E+03  0.2309E+03  0.2309E+03 -0.2500E+03 -0.2500E+03 -0.4465E-05 -0.5526E-05  0.1654E-05 -0.2840E-05  0.6719E-05  0.7205E-05  0.1500E+02
  0.1700E+02  0.4364E+03  0.4364E+03  0.2441E+03  0.2441E+03 -0.2500E+03 -0.2500E+03 -0.4298E-05 -0.5658E-05  0.1654E-05 -0.2840E-05  0.6719E-05  0.7205E-05  0.1500E+02
  0.1800E+02  0.4289E+03  0.4289E+03  0.2571E+03  0.2571E+03 -0.2500E+03 -0.2500E+03 -0.4126E-05 -0.5784E-05  0.1655E-05 -0.2840E-05  0.6719E-05  0.7205E-05  0.1500E+02
  0.1900E+02  0.4210E+03  0.4210E+03  0.2698E+03  0.2698E+03 -0.2500E+03 -0.2500E+03 -0.3951E-05 -0.5905E-05  0.1655E-05 -0.2840E-05  0.6719E-05  0.7205E-05  0.1500E+02
  0.2000E+02  0.4127E+03  0.4127E+03  0.2823E+03  0.2823E+03 -0.2500E+03 -0.2500E+03 -0.3772E-05 -0.6021E-05  0.1655E-05 -0.2840E-05  0.6719E-05  0.7205E-05  0.1500E+02
  0.2100E+02  0.4040E+03  0.4040E+03  0.2946E+03  0.2946E+03 -0.2500E+03 -0.2500E+03 -0.3589E-05 -0.6131E-05  0.1655E-05 -0.2840E-05  0.6719E-05  0.7205E-05  0.1500E+02
  0.2200E+02  0.3950E+03  0.3950E+03  0.3066E+03  0.3066E+03 -0.2500E+03 -0.2500E+03 -0.3404E-05 -0.6236E-05  0.1655E-05 -0.2840E-05  0.6719E-05  0.7205E-05  0.1500E+02
  0.2300E+02  0.3856E+03  0.3856E+03  0.3183E+03  0.3183E+03 -0.2500E+03 -0.2500E+03 -0.3215E-05 -0.6336E-05  0.1655E-05 -0.2840E-05  0.6719E-05  0.7205E-05  0.1500E+02
  0.2400E+02  0.3759E+03  0.3759E+03  0.3297E+03  0.3297E+03 -0.2500E+03 -0.2500E+03 -0.3024E-05 -0.6429E-05  0.1655E-05 -0.2840E-05  0.6719E-05  0.7205E-05  0.1500E+02
  0.2500E+02  0.3658E+03  0.3658E+03  0.3408E+03  0.3408E+03 -0.2500E+03 -0.2500E+03 -0.2830E-05 -0.6517E-05  0.1655E-05 -0.2840E-05  0.6719E-05  0.7205E-05  0.1500E+02
  0.2600E+02  0.3555E+03  0.3555E+03  0.3516E+03  0.3516E+03 -0.2500E+03 -0.2500E+03 -0.2633E-05 -0.6599E-05  0.1655E-05 -0.2840E-05  0.6719E-05  0.7205E-05  0.1500E+02
  0.2700E+02  0.3447E+03  0.3447E+03  0.3621E+03  0.3621E+03 -0.2500E+03 -0.2500E+03 -0.2434E-05 -0.6675E-05  0.1655E-05 -0.2840E-05  0.6719E-05  0.7205E-05  0.1500E+02
  0.2800E+02  0.3337E+03  0.3337E+03  0.3723E+03  0.3723E+03 -0.2500E+03 -0.2500E+03 -0.2232E-05 -0.6745E-05  0.1655E-05 -0.2840E-05  0.6719E-05  0.7205E-05  0.1500E+02
  0.2900E+02  0.3224E+03  0.3224E+03  0.3822E+03  0.3822E+03 -0.2500E+03 -0.2500E+03 -0.2029E-05 -0.6809E-05  0.1655E-05 -0.2840E-05  0.6719E-05  0.7205E-05  0.1500E+02
  0.3000E+02  0.3108E+03  0.3108E+03  0.3917E+03  0.3917E+03 -0.2500E+03 -0.2500E+03 -0.1824E-05 -0.6867E-05  0.1655E-05 -0.2840E-05  0.6719E-05  0.7205E-05  0.1500E+02
  0.3100E+02  0.2989E+03  0.2989E+03  0.4008E+03  0.4008E+03 -0.2500E+03 -0.2500E+03 -0.1617E-05 -0.6918E-05  0.1655E-05 -0.2840E-05  0.6719E-05  0.7205E-05  0.1500E+02
  0.3200E+02  0.2868E+03  0.2868E+03  0.4096E+03  0.4096E+03 -0.2500E+03 -0.2500E+03 -0.1409E-05 -0.6964E-05  0.1655E-05 -0.2840E-05  0.6719E-05  0.7205E-05  0.1500E+02
  0.3300E+02  0.2743E+03  0.2743E+03  0.4180E+03  0.4180E+03 -0.2500E+03 -0.2500E+03 -0.1199E-05 -0.7003E-05  0.1655E-05 -0.2840E-05  0.6719E-05  0.7205E-05  0.1500E+02
  0.3400E+02  0.2617E+03  0.2617E+03  0.4261E+03  0.4261E+03 -0.2500E+03 -0.2500E+03 -0.9888E-06 -0.7036E-05  0.1655E-05 -0.2840E-05  0.6719E-05  0.7205E-05  0.1500E+02
  0.3500E+02  0.2488E+03  0.2488E+03  0.4337E+03  0.4337E+03 -0.2500E+03 -0.2500E+03 -0.7773E-06 -0.7062E-05  0.1655E-05 -0.2840E-05  0.6719E-05  0.7205E-05  0.1500E+02
  0.3600E+02  0.2357E+03  0.2357E+03  0.4410E+03  0.4410E+03 -0.2500E+03 -0.2500E+03 -0.5651E-06 -0.7082E-05  0.1655E-05 -0.2840E-05  0.6719E-05  0.7205E-05  0.1500E+02
  0.3700E+02  0.2223E+03  0.2223E+03  0.4478E+03  0.4478E+03 -0.2500E+03 -0.2500E+03 -0.3524E-06 -0.7096E-05  0.1655E-05 -0.2840E-05  0.6719E-05  0.7205E-05  0.1500E+02
  0.3800E+02  0.2088E+03  0.2088E+03  0.4543E+03  0.4543E+03 -0.2500E+03 -0.2500E+03 -0.1394E-06 -0.7103E-05  0.1655E-05 -0.2840E-05  0.6719E-05  0.7205E-05  0.1500E+02
  0.3900E+02  0.1951E+03  0.1951E+03  0.4604E+03  0.4604E+03 -0.2500E+03 -0.2500E+03  0.7372E-07 -0.7104E-05  0.1655E-05 -0.2840E-05  0.6719E-05  0.7205E-05  0.1500E+02
  0.4000E+02  0.1812E+03  0.1812E+03  0.4660E+03  0.4660E+03 -0.2500E+03 -0.2500E+03  0.2868E-06 -0.7099E-05  0.1655E-05 -0.2840E-05  0.6719E-05  0.7205E-05  0.1500E+02
  0.4100E+02  0.1671E+03  0.1671E+03  0.4712E+03  0.4712E+03 -0.2500E+03 -0.2500E+03  0.4996E-06 -0.7087E-05  0.1655E-05 -0.2840E-05  0.6719E-05  0.7205E-05  0.1500E+02
  0.4200E+02  0.1529E+03  0.1529E+03  0.4760E+03  0.4760E+03 -0.2500E+03 -0.2500E+03  0.7120E-06 -0.7069E-05  0.1655E-05 -0.2840E-05  0.6719E-05  0.7205E-05  0.1500E+02
  0.4300E+02  0.1386E+03  0.1386E+03  0.4804E+03  0.4804E+03 -0.2500E+03 -0.2500E+03  0.9237E-06 -0.7044E-05  0.1655E-05 -0.2840E-05  0.6719E-05  0.7205E-05  0.1500E+02
  0.4400E+02  0.1241E+03  0.1241E+03  0.4844E+03  0.4844E+03 -0.2500E+03 -0.2500E+03  0.1135E-05 -0.7014E-05  0.1655E-05 -0.2840E-05  0.6719E-05  0.7205E-05  0.1500E+02
  0.4500E+02  0.1095E+03  0.1095E+03  0.4879E+03  0.4879E+03 -0.2500E+03 -0.2500E+03  0.1344E-05 -0.6976E-05  0.1655E-05 -0.2840E-05  0.6719E-05  0.7205E-05  0.1500E+02
  0.4600E+02  0.9482E+02  0.9482E+02  0.4909E+03  0.4909E+03 -0.2500E+03 -0.2500E+03  0.1553E-05 -0.6933E-05  0.1655E-05 -0.2840E-05  0.6719E-05  0.7205E-05  0.1500E+02
  0.4700E+02  0.8005E+02  0.8005E+02  0.4936E+03  0.4936E+03 -0.2500E+03 -0.2500E+03  0.1760E-05 -0.6883E-05  0.1655E-05 -0.2840E-05  0.6719E-05  0.7205E-05  0.1500E+02
  0.4800E+02  0.6521E+02  0.6521E+02  0.4957E+03  0.4957E+03 -0.2500E+03 -0.2500E+03  0.1966E-05 -0.6827E-05  0.1655E-05 -0.2840E-05  0.6719E-05  0.7205E-05  0.1500E+02
  0.4900E+02  0.5031E+02  0.5031E+02  0.4975E+03  0.4975E+03 -0.2500E+03 -0.2500E+03  0.2170E-05 -0.6765E-05  0.1655E-05 -0.2840E-05  0.6719E-05  0.7205E-05  0.1500E+02
  0.5000E+02  0.3537E+02  0.3537E+02  0.4987E+03  0.4987E+03 -0.2500E+03 -0.2500E+03  0.2372E-05 -0.6697E-05  0.1655E-05 -0.2840E-05  0.6719E-05  0.7205E-05  0.1500E+02
  0.5100E+02  0.2039E+02  0.2039E+02  0.4996E+03  0.4996E+03 -0.2500E+03 -0.2500E+03  0.2572E-05 -0.6623E-05  0.1655E-05 -0.2840E-05  0.6719E-05  0.7205E-05  0.1500E+02
  0.5200E+02  0.5398E+01  0.5398E+01  0.5000E+03  0.5000E+03 -0.2500E+03 -0.2500E+03  0.2769E-05 -0.6543E-05  0.1655E-05 -0.2840E-05  0.6719E-05  0.7205E-05  0.1500E+02
  0.5300E+02 -0.9601E+01 -0.9601E+01  0.4999E+03  0.4999E+03 -0.2500E+03 -0.2500E+03  0.2964E-05 -0.6457E-05  0.1655E-05 -0.2840E-05  0.6719E-05  0.7205E-05  0.1500E+02
  0.5400E+02 -0.2459E+02 -0.2459E+02  0.4994E+03  0.4994E+03 -0.2500E+03 -0.2500E+03  0.3157E-05 -0.6365E-05  0.1655E-05 -0.2840E-05  0.6719E-05  0.7205E-05  0.1500E+02
  0.5500E+02 -0.3956E+02 -0.3956E+02  0.4984E+03  0.4984E+03 -0.2500E+03 -0.2500E+03  0.3346E-05 -0.6267E-05  0.1655E-05 -0.2840E-05  0.6719E-05  0.7205E-05  0.1500E+02
  0.5600E+02 -0.5449E+02 -0.5449E+02  0.4970E+03  0.4970E+03 -0.2500E+03 -0.2500E+03  0.3533E-05 -0.6164E-05  0.1655E-05 -0.2840E-05  0.6719E-05  0.7205E-05  0.1500E+02
  0.5700E+02 -0.6938E+02 -0.6938E+02  0.4952E+03  0.4952E+03 -0.2500E+03 -0.2500E+03  0.3716E-05 -0.6056E-05  0.1655E-05 -0.2840E-05  0.6719E-05  0.7205E-05  0.1500E+02
  0.5800E+02 -0.8420E+02 -0.8420E+02  0.4929E+03  0.4929E+03 -0.2500E+03 -0.2500E+03  0.3896E-05 -0.5941E-05  0.1655E-05 -0.2840E-05  0.6719E-05  0.7205E-05  0.1500E+02
  0.5900E+02 -0.9894E+02 -0.9894E+02  0.4901E+03  0.4901E+03 -0.2500E+03 -0.2500E+03  0.4072E-05 -0.5822E-05  0.1655E-05 -0.2840E-05  0.6719E-05  0.7205E-05  0.1500E+02
  0.6000E+02 -0.1136E+03 -0.1136E+03  0.4869E+03  0.4869E+03 -0.2500E+03 -0.2500E+03  0.4245E-05 -0.5697E-05  0.1655E-05 -0.2840E-05  0.6719E-05  0.7205E-05  0.1500E+02
  0.6100E+02 -0.1282E+03 -0.1282E+03  0.4833E+03  0.4833E+03 -0.2500E+03 -0.2500E+03  0.4414E-05 -0.5567E-05  0.1655E-05 -0.2840E-05  0.6719E-05  0.7205E-05  0.1500E+02
  0.6200E+02 -0.1426E+03 -0.1426E+03  0.4792E+03  0.4792E+03 -0.2500E+03 -0.2500E+03  0.4579E-05 -0.5432E-05  0.1655E-05 -0.2840E-05  0.6719E-05  0.7205E-05  0.1500E+02
  0.6300E+02 -0.1569E+03 -0.1569E+03  0.4747E+03  0.4747E+03 -0.2500E+03 -0.2500E+03  0.4740E-05 -0.5292E-05  0.1655E-05 -0.2840E-05  0.6719E-05  0.7205E-05  0.1500E+02
  0.6400E+02 -0.1711E+03 -0.1711E+03  0.4698E+03  0.4698E+03 -0.2500E+03 -0.2500E+03  0.4897E-05 -0.5148E-05  0.1655E-05 -0.2840E-05  0.6719E-05  0.7205E-05  0.1500E+02
  0.6500E+02 -0.1851E+03 -0.1851E+03  0.4645E+03  0.4645E+03 -0.2500E+03 -0.2500E+03  0.5049E-05 -0.4999E-05  0.1655E-05 -0.2840E-05  0.6719E-05  0.7205E-05  0.1500E+02
  0.6600E+02 -0.1989E+03 -0.1989E+03  0.4587E+03  0.4587E+03 -0.2500E+03 -0.2500E+03  0.5197E-05 -0.4845E-05  0.1655E-05 -0.2840E-05  0.6719E-05  0.7205E-05  0.1500E+02
  0.6700E+02 -0.2126E+03 -0.2126E+03  0.4525E+03  0.4525E+03 -0.2500E+03 -0.2500E+03  0.5340E-05 -0.4687E-05  0.1655E-05 -0.2840E-05  0.6719E-05  0.7205E-05  0.1500E+02
  0.6800E+02 -0.2261E+03 -0.2261E+03  0.4460E+03  0.4460E+03 -0.2500E+03 -0.2500E+03  0.5478E-05 -0.4525E-05  0.1655E-05 -0.2840E-05  0.6719E-05  0.7205E-05  0.1500E+02
  0.6900E+02 -0.2394E+03 -0.2394E+03  0.4390E+03  0.4390E+03 -0.2500E+03 -0.2500E+03  0.5611E-05 -0.4358E-05  0.1655E-05 -0.2840E-05  0.6719E-05  0.7205E-05  0.1500E+02
  0.7000E+02 -0.2524E+03 -0.2524E+03  0.4316E+03  0.4316E+03 -0.2500E+03 -0.2500E+03  0.5739E-05 -0.4188E-05  0.1655E-05 -0.2840E-05  0.6719E-05  0.7205E-05  0.1500E+02
  0.7100E+02 -0.2653E+03 -0.2653E+03  0.4238E+03  0.4238E+03 -0.2500E+03 -0.2500E+03  0.5862E-05 -0.4014E-05  0.1655E-05 -0.2840E-05  0.6719E-05  0.7205E-05  0.1500E+02
  0.7200E+02 -0.2778E+03 -0.2778E+03  0.4157E+03  0.4157E+03 -0.2500E+03 -0.2500E+03  0.5980E-05 -0.3836E-05  0.1655E-05 -0.2840E-05  0.6719E-05  0.7205E-05  0.1500E+02
  0.7300E+02 -0.2902E+03 -0.2902E+03  0.4072E+03  0.4072E+03 -0.2500E+03 -0.2500E+03  0.6092E-05 -0.3655E-05  0.1655E-05 -0.2840E-05  0.6719E-05  0.7205E-05  0.1500E+02
  0.7400E+02 -0.3023E+03 -0.3023E+03  0.3983E+03  0.3983E+03 -0.2500E+03 -0.2500E+03  0.6199E-05 -0.3471E-05  0.1655E-05 -0.2840E-05  0.6719E-05  0.7205E-05  0.1500E+02
  0.7500E+02 -0.3141E+03 -0.3141E+03  0.3890E+03  0.3890E+03 -0.2500E+03 -0.2500E+03  0.6301E-05 -0.3283E-05  0.1655E-05 -0.2840E-05  0.6719E-05  0.7205E-05  0.1500E+02
  0.7600E+02 -0.3256E+03 -0.3256E+03  0.3794E+03  0.3794E+03 -0.2500E+03 -0.2500E+03  0.6396E-05 -0.3093E-05  0.1655E-05 -0.2840E-05  0.6719E-05  0.7205E-05  0.1500E+02
  0.7700E+02 -0.3368E+03 -0.3368E+03  0.3695E+03  0.3695E+03 -0.2500E+03 -0.2500E+03  0.6486E-05 -0.2900E-05  0.1655E-05 -0.2840E-05  0.6719E-05  0.7205E-05  0.1500E+02
  0.7800E+02 -0.3478E+03 -0.3478E+03  0.3592E+03  0.3592E+03 -0.2500E+03 -0.2500E+03  0.6570E-05 -0.2704E-05  0.1655E-05 -0.2840E-05  0.6719E-05  0.7205E-05  0.1500E+02
  0.7900E+02 -0.3584E+03 -0.3584E+03  0.3486E+03  0.3486E+03 -0.2500E+03 -0.2500E+03  0.6648E-05 -0.2505E-05  0.1655E-05 -0.2840E-05  0.6719E-05  0.7205E-05  0.1500E+02
  0.8000E+02 -0.3687E+03 -0.3687E+03  0.3377E+03  0.3377E+03 -0.2500E+03 -0.2500E+03  0.6721E-05 -0.2305E-05  0.1655E-05 -0.2840E-05  0.6719E-05  0.7205E-05  0.1500E+02
  0.8100E+02 -0.3787E+03 -0.3787E+03  0.3265E+03  0.3265E+03 -0.2500E+03 -0.2500E+03  0.6787E-05 -0.2102E-05  0.1655E-05 -0.2840E-05  0.6719E-05  0.7205E-05  0.1500E+02
  0.8200E+02 -0.3883E+03 -0.3883E+03  0.3150E+03  0.3150E+03 -0.2500E+03 -0.2500E+03  0.6847E-05 -0.1898E-05  0.1655E-05 -0.2840E-05  0.6719E-05  0.7205E-05  0.1500E+02
  0.8300E+02 -0.3976E+03 -0.3976E+03  0.3032E+03  0.3032E+03 -0.2500E+03 -0.2500E+03  0.6901E-05 -0.1692E-05  0.1655E-05 -0.2840E-05  0.6719E-05  0.7205E-05  0.1500E+02
  0.8400E+02 -0.4065E+03 -0.4065E+03  0.2912E+03  0.2912E+03 -0.2500E+03 -0.2500E+03  0.6948E-05 -0.1484E-05  0.1655E-05 -0.2840E-05  0.6719E-05  0.7205E-05  0.1500E+02
  0.8500E+02 -0.4150E+03 -0.4150E+03  0.2788E+03  0.2788E+03 -0.2500E+03 -0.2500E+03  0.6990E-05 -0.1275E-05  0.1655E-05 -0.2840E-05  0.6719E-05  0.7205E-05  0.1500E+02
  0.8600E+02 -0.4232E+03 -0.4232E+03  0.2663E+03  0.2663E+03 -0.2500E+03 -0.2500E+03  0.7025E-05 -0.1064E-05  0.1655E-05 -0.2840E-05  0.6719E-05  0.7205E-05  0.1500E+02
  0.8700E+02 -0.4310E+03 -0.4310E+03  0.2535E+03  0.2535E+03 -0.2500E+03 -0.2500E+03  0.7053E-05 -0.8533E-06  0.1655E-05 -0.2840E-05  0.6719E-05  0.7205E-05  0.1500E+02
  0.8800E+02 -0.4384E+03 -0.4384E+03  0.2404E+03  0.2404E+03 -0.2500E+03 -0.2500E+03  0.7076E-05 -0.6413E-06  0.1655E-05 -0.2840E-05  0.6719E-05  0.7205E-05  0.1500E+02
  0.8900E+02 -0.4454E+03 -0.4454E+03  0.2272E+03  0.2272E+03 -0.2500E+03 -0.2500E+03  0.7092E-05 -0.4288E-06  0.1655E-05 -0.2840E-05  0.6719E-05  0.7205E-05  0.1500E+02
  0.9000E+02 -0.4520E+03 -0.4520E+03  0.2137E+03  0.2137E+03 -0.2500E+03 -0.2500E+03  0.7102E-05 -0.2159E-06  0.1655E-05 -0.2840E-05  0.6719E-05  0.7205E-05  0.1500E+02
  0.9100E+02 -0.4582E+03 -0.4582E+03  0.2000E+03  0.2000E+03 -0.2500E+03 -0.2500E+03  0.7105E-05 -0.2772E-08  0.1655E-05 -0.2840E-05  0.6719E-05  0.7205E-05  0.1500E+02
  0.9200E+02 -0.4640E+03 -0.4640E+03  0.1862E+03  0.1862E+03 -0.2500E+03 -0.2500E+03  0.7102E-05  0.2103E-06  0.1655E-05 -0.2840E-05  0.6719E-05  0.7205E-05  0.1500E+02
  0.9300E+02 -0.4694E+03 -0.4694E+03  0.1722E+03  0.1722E+03 -0.2500E+03 -0.2500E+03  0.7092E-05  0.4233E-06  0.1655E-05 -0.2840E-05  0.6719E-05  0.7205E-05  0.1500E+02
  0.9400E+02 -0.4744E+03 -0.4744E+03  0.1580E+03  0.1580E+03 -0.2500E+03 -0.2500E+03  0.7076E-05  0.6358E-06  0.1655E-05 -0.2840E-05  0.6719E-05  0.7205E-05  0.1500E+02
  0.9500E+02 -0.4789E+03 -0.4789E+03  0.1437E+03  0.1437E+03 -0.2500E+03 -0.2500E+03  0.7054E-05  0.8478E-06  0.1655E-05 -0.2840E-05  0.6719E-05  0.7205E-05  0.1500E+02
  0.9600E+02 -0.4830E+03 -0.4830E+03  0.1293E+03  0.1293E+03 -0.2500E+03 -0.2500E+03  0.7025E-05  0.1059E-05  0.1655E-05 -0.2840E-05  0.6719E-05  0.7205E-05  0.1500E+02
  0.9700E+02 -0.4867E+03 -0.4867E+03  0.1148E+03  0.1148E+03 -0.2500E+03 -0.2500E+03  0.6991E-05  0.1269E-05  0.1655E-05 -0.2840E-05  0.6719E-05  0.7205E-05  0.1500E+02
  0.9800E+02 -0.4899E+03 -0.4899E+03  0.1001E+03  0.1001E+03 -0.2500E+03 -0.2500E+03  0.6949E-05  0.1478E-05  0.1655E-05 -0.2840E-05  0.6719E-05  0.7205E-05  0.1500E+02
  0.9900E+02 -0.4927E+03 -0.4927E+03  0.8538E+02  0.8538E+02 -0.2500E+03 -0.2500E+03  0.6902E-05  0.1686E-05  0.1655E-05 -0.2840E-05  0.6719E-05  0.7205E-05  0.1500E+02
  0.1000E+03 -0.4950E+03 -0.4950E+03  0.7056E+02  0.7056E+02 -0.2500E+03 -0.2500E+03  0.6848E-05  0.1892E-05  0.1655E-05 -0.2840E-05  0.6719E-05  0.7205E-05  0.1500E+02
  0.1010E+03 -0.4969E+03 -0.4969E+03  0.5568E+02  0.5568E+02 -0.2500E+03 -0.2500E+03  0.6788E-05  0.2097E-05  0.1655E-05 -0.2840E-05  0.6719E-05  0.7205E-05  0.1500E+02
  0.1020E+03 -0.4983E+03 -0.4983E+03  0.4075E+02  0.4075E+02 -0.2500E+03 -0.2500E+03  0.6722E-05  0.2300E-05  0.1655E-05 -0.2840E-05  0.6719E-05  0.7205E-05  0.1500E+02
  0.1030E+03 -0.4993E+03 -0.4993E+03  0.2578E+02  0.2578E+02 -0.2500E+03 -0.2500E+03  0.6650E-05  0.2500E-05  0.1655E-05 -0.2840E-05  0.6719E-05  0.7205E-05  0.1500E+02
  0.1040E+03 -0.4999E+03 -0.4999E+03  0.1080E+02  0.1080E+02 -0.2500E+03 -0.2500E+03  0.6572E-05  0.2699E-05  0.1655E-05 -0.2840E-05  0.6719E-05  0.7205E-05  0.1500E+02
  0.1050E+03 -0.5000E+03 -0.5000E+03 -0.4204E+01 -0.4204E+01 -0.2500E+03 -0.2500E+03  0.6488E-05  0.2895E-05  0.1655E-05 -0.2840E-05  0.6719E-05  0.7205E-05  0.1500E+02
  0.1060E+03 -0.4996E+03 -0.4996E+03 -0.1920E+02 -0.1920E+02 -0.2500E+03 -0.2500E+03  0.6399E-05  0.3088E-05  0.1655E-05 -0.2840E-05  0.6719E-05  0.7205E-05  0.1500E+02
  0.1070E+03 -0.4988E+03 -0.4988E+03 -0.3418E+02 -0.3418E+02 -0.2500E+03 -0.2500E+03  0.6303E-05  0.3278E-05  0.1655E-05 -0.2840E-05  0.6719E-05  0.7205E-05  0.1500E+02
  0.1080E+03 -0.4976E+03 -0.4976E+03 -0.4912E+02 -0.4912E+02 -0.2500E+03 -0.2500E+03  0.6202E-05  0.3466E-05  0.1655E-05 -0.2840E-05  0.6719E-05  0.7205E-05  0.1500E+02
  0.1090E+03 -0.4959E+03 -0.4959E+03 -0.6403E+02 -0.6403E+02 -0.2500E+03 -0.2500E+03  0.6095E-05  0.3650E-05  0.1655E-05 -0.2840E-05  0.6719E-05  0.7205E-05  0.1500E+02
  0.1100E+03 -0.4937E+03 -0.4937E+03 -0.7887E+02 -0.7887E+02 -0.2500E+03 -0.2500E+03  0.5983E-05  0.3832E-05  0.1655E-05 -0.2840E-05  0.6719E-05  0.7205E-05  0.1500E+02
  0.1110E+03 -0.4912E+03 -0.4912E+03 -0.9365E+02 -0.9365E+02 -0.2500E+03 -0.2500E+03  0.5865E-05  0.4009E-05  0.1655E-05 -0.2840E-05  0.6719E-05  0.7205E-05  0.1500E+02
  0.1120E+03 -0.4881E+03 -0.4881E+03 -0.1083E+03 -0.1083E+03 -0.2500E+03 -0.2500E+03  0.5743E-05  0.4184E-05  0.1655E-05 -0.2840E-05  0.6719E-05  0.7205E-05  0.1500E+02
  0.1130E+03 -0.4847E+03 -0.4847E+03 -0.1229E+03 -0.1229E+03 -0.2500E+03 -0.2500E+03  0.5614E-05  0.4354E-05  0.1655E-05 -0.2840E-05  0.6719E-05  0.7205E-05  0.1500E+02
  0.1140E+03 -0.4807E+03 -0.4807E+03 -0.1374E+03 -0.1374E+03 -0.2500E+03 -0.2500E+03  0.5481E-05  0.4520E-05  0.1655E-05 -0.2840E-05  0.6719E-05  0.7205E-05  0.1500E+02
  0.1150E+03 -0.4764E+03 -0.4764E+03 -0.1518E+03 -0.1518E+03 -0.2500E+03 -0.2500E+03  0.5343E-05  0.4683E-05  0.1655E-05 -0.2840E-05  0.6719E-05  0.7205E-05  0.1500E+02
  0.1160E+03 -0.4716E+03 -0.4716E+03 -0.1660E+03 -0.1660E+03 -0.2500E+03 -0.2500E+03  0.5200E-05  0.4841E-05  0.1655E-05 -0.2840E-05  0.6719E-05  0.7205E-05  0.1500E+02
  0.1170E+03 -0.4665E+03 -0.4665E+03 -0.1801E+03 -0.1801E+03 -0.2500E+03 -0.2500E+03  0.5053E-05  0.4995E-05  0.1655E-05 -0.2840E-05  0.6719E-05  0.7205E-05  0.1500E+02
  0.1180E+03 -0.4608E+03 -0.4608E+03 -0.1940E+03 -0.1940E+03 -0.2500E+03 -0.2500E+03  0.4901E-05  0.5144E-05  0.1655E-05 -0.2840E-05  0.6719E-05  0.7205E-05  0.1500E+02
  0.1190E+03 -0.4548E+03 -0.4548E+03 -0.2077E+03 -0.2077E+03 -0.2500E+03 -0.2500E+03  0.4744E-05  0.5289E-05  0.1655E-05 -0.2840E-05  0.6719E-05  0.7205E-05  0.1500E+02
  0.1200E+03 -0.4484E+03 -0.4484E+03 -0.2213E+03 -0.2213E+03 -0.2500E+03 -0.2500E+03  0.4584E-05  0.5429E-05  0.1655E-05 -0.2840E-05  0.6719E-05  0.7205E-05  0.1500E+02
  0.1210E+03 -0.4415E+03 -0.4415E+03 -0.2346E+03 -0.2346E+03 -0.2500E+03 -0.2500E+03  0.4419E-05  0.5564E-05  0.1655E-05 -0.2840E-05  0.6719E-05  0.7205E-05  0.1500E+02
  0.1220E+03 -0.4343E+03 -0.4343E+03 -0.2477E+03 -0.2477E+03 -0.2500E+03 -0.2500E+03  0.4250E-05  0.5694E-05  0.1655E-05 -0.2840E-05  0.6719E-05  0.7205E-05  0.1500E+02
  0.1230E+03 -0.4267E+03 -0.4267E+03 -0.2607E+03 -0.2607E+03 -0.2500E+03 -0.2500E+03  0.4077E-05  0.5819E-05  0.1655E-05 -0.2840E-05  0.6719E-05  0.7205E-05  0.1500E+02
  0.1240E+03 -0.4187E+03 -0.4187E+03 -0.2733E+03 -0.2733E+03 -0.2500E+03 -0.2500E+03  0.3901E-05  0.5938E-05  0.1655E-05 -0.2840E-05  0.6719E-05  0.7205E-05  0.1500E+02
  0.1250E+03 -0.4103E+03 -0.4103E+03 -0.2858E+03 -0.2858E+03 -0.2500E+03 -0.2500E+03  0.3721E-05  0.6053E-05  0.1655E-05 -0.2840E-05  0.6719E-05  0.7205E-05  0.1500E+02
  0.1260E+03 -0.4015E+03 -0.4015E+03 -0.2980E+03 -0.2980E+03 -0.2500E+03 -0.2500E+03  0.3538E-05  0.6162E-05  0.1655E-05 -0.2840E-05  0.6719E-05  0.7205E-05  0.1500E+02
  0.1270E+03 -0.3924E+03 -0.3924E+03 -0.3099E+03 -0.3099E+03 -0.2500E+03 -0.2500E+03  0.3351E-05  0.6265E-05  0.1655E-05 -0.2840E-05  0.6719E-05  0.7205E-05  0.1500E+02
  0.1280E+03 -0.3829E+03 -0.3829E+03 -0.3215E+03 -0.3215E+03 -0.2500E+03 -0.2500E+03  0.3162E-05  0.6363E-05  0.1655E-05 -0.2840E-05  0.6719E-05  0.7205E-05  0.1500E+02
  0.1290E+03 -0.3731E+03 -0.3731E+03 -0.3328E+03 -0.3328E+03 -0.2500E+03 -0.2500E+03  0.2969E-05  0.6455E-05  0.1655E-05 -0.2840E-05  0.6719E-05  0.7205E-05  0.1500E+02
  0.1300E+03 -0.3630E+03 -0.3630E+03 -0.3439E+03 -0.3439E+03 -0.2500E+03 -0.2500E+03  0.2775E-05  0.6541E-05  0.1655E-05 -0.2840E-05  0.6719E-05  0.7205E-05  0.1500E+02
  0.1310E+03 -0.3525E+03 -0.3525E+03 -0.3546E+03 -0.3546E+03 -0.2500E+03 -0.2500E+03  0.2577E-05  0.6621E-05  0.1655E-05 -0.2840E-05  0.6719E-05  0.7205E-05  0.1500E+02
  0.1320E+03 -0.3417E+03 -0.3417E+03 -0.3650E+03 -0.3650E+03 -0.2500E+03 -0.2500E+03  0.2377E-05  0.6695E-05  0.1655E-05 -0.2840E-05  0.6719E-05  0.7205E-05  0.1500E+02
  0.1330E+03 -0.3306E+03 -0.3306E+03 -0.3751E+03 -0.3751E+03 -0.2500E+03 -0.2500E+03  0.2175E-05  0.6764E-05  0.1655E-05 -0.2840E-05  0.6719E-05  0.7205E-05  0.1500E+02
  0.1340E+03 -0.3192E+03 -0.3192E+03 -0.3849E+03 -0.3849E+03 -0.2500E+03 -0.2500E+03  0.1972E-05  0.6826E-05  0.1655E-05 -0.2840E-05  0.6719E-05  0.7205E-05  0.1500E+02
  0.1350E+03 -0.3075E+03 -0.3075E+03 -0.3943E+03 -0.3943E+03 -0.2500E+03 -0.2500E+03  0.1766E-05  0.6882E-05  0.1655E-05 -0.2840E-05  0.6719E-05  0.7205E-05  0.1500E+02
  0.1360E+03 -0.2955E+03 -0.2955E+03 -0.4033E+03 -0.4033E+03 -0.2500E+03 -0.2500E+03  0.1559E-05  0.6932E-05  0.1655E-05 -0.2840E-05  0.6719E-05  0.7205E-05  0.1500E+02
  0.1370E+03 -0.2833E+03 -0.2833E+03 -0.4120E+03 -0.4120E+03 -0.2500E+03 -0.2500E+03  0.1350E-05  0.6975E-05  0.1655E-05 -0.2840E-05  0.6719E-05  0.7205E-05  0.1500E+02
  0.1380E+03 -0.2708E+03 -0.2708E+03 -0.4203E+03 -0.4203E+03 -0.2500E+03 -0.2500E+03  0.1140E-05  0.7013E-05  0.1655E-05 -0.2840E-05  0.6719E-05  0.7205E-05  0.1500E+02
  0.1390E+03 -0.2581E+03 -0.2581E+03 -0.4282E+03 -0.4282E+03 -0.2500E+03 -0.2500E+03  0.9294E-06  0.7044E-05  0.1655E-05 -0.2840E-05  0.6719E-05  0.7205E-05  0.1500E+02
  0.1400E+03 -0.2451E+03 -0.2451E+03 -0.4358E+03 -0.4358E+03 -0.2500E+03 -0.2500E+03  0.7177E-06  0.7069E-05  0.1655E-05 -0.2840E-05  0.6719E-05  0.7205E-05  0.1500E+02
  0.1410E+03 -0.2319E+03 -0.2319E+03 -0.4429E+03 -0.4429E+03 -0.2500E+03 -0.2500E+03  0.5053E-06  0.7087E-05  0.1655E-05 -0.2840E-05  0.6719E-05  0.7205E-05  0.1500E+02
  0.1420E+03 -0.2186E+03 -0.2186E+03 -0.4497E+03 -0.4497E+03 -0.2500E+03 -0.2500E+03  0.2925E-06  0.7099E-05  0.1655E-05 -0.2840E-05  0.6719E-05  0.7205E-05  0.1500E+02
  0.1430E+03 -0.2050E+03 -0.2050E+03 -0.4561E+03 -0.4561E+03 -0.2500E+03 -0.2500E+03  0.7945E-07  0.7104E-05  0.1655E-05 -0.2840E-05  0.6719E-05  0.7205E-05  0.1500E+02
  0.1440E+03 -0.1912E+03 -0.1912E+03 -0.4620E+03 -0.4620E+03 -0.2500E+03 -0.2500E+03 -0.1337E-06  0.7104E-05  0.1655E-05 -0.2840E-05  0.6719E-05  0.7205E-05  0.1500E+02
  0.1450E+03 -0.1773E+03 -0.1773E+03 -0.4675E+03 -0.4675E+03 -0.2500E+03 -0.2500E+03 -0.3467E-06  0.7096E-05  0.1655E-05 -0.2840E-05  0.6719E-05  0.7205E-05  0.1500E+02
  0.1460E+03 -0.1632E+03 -0.1632E+03 -0.4726E+03 -0.4726E+03 -0.2500E+03 -0.2500E+03 -0.5594E-06  0.7083E-05  0.1655E-05 -0.2840E-05  0.6719E-05  0.7205E-05  0.1500E+02
  0.1470E+03 -0.1489E+03 -0.1489E+03 -0.4773E+03 -0.4773E+03 -0.2500E+03 -0.2500E+03 -0.7716E-06  0.7063E-05  0.1655E-05 -0.2840E-05  0.6719E-05  0.7205E-05  0.1500E+02
  0.1480E+03 -0.1345E+03 -0.1345E+03 -0.4816E+03 -0.4816E+03 -0.2500E+03 -0.2500E+03 -0.9831E-06  0.7037E-05  0.1655E-05 -0.2840E-05  0.6719E-05  0.7205E-05  0.1500E+02
  0.1490E+03 -0.1200E+03 -0.1200E+03 -0.4854E+03 -0.4854E+03 -0.2500E+03 -0.2500E+03 -0.1194E-05  0.7004E-05  0.1655E-05 -0.2840E-05  0.6719E-05  0.7205E-05  0.1500E+02
  0.1500E+03 -0.1054E+03 -0.1054E+03 -0.4888E+03 -0.4888E+03 -0.2500E+03 -0.2500E+03 -0.1403E-05  0.6965E-05  0.1655E-05 -0.2840E-05  0.6719E-05  0.7205E-05  0.1500E+02
  0.1510E+03 -0.9069E+02 -0.9069E+02 -0.4917E+03 -0.4917E+03 -0.2500E+03 -0.2500E+03 -0.1612E-05  0.6920E-05  0.1655E-05 -0.2840E-05  0.6719E-05  0.7205E-05  0.1500E+02
  0.1520E+03 -0.7590E+02 -0.7590E+02 -0.4942E+03 -0.4942E+03 -0.2500E+03 -0.2500E+03 -0.1818E-05  0.6868E-05  0.1655E-05 -0.2840E-05  0.6719E-05  0.7205E-05  0.1500E+02
  0.1530E+03 -0.6104E+02 -0.6104E+02 -0.4963E+03 -0.4963E+03 -0.2500E+03 -0.2500E+03 -0.2024E-05  0.6811E-05  0.1655E-05 -0.2840E-05  0.6719E-05  0.7205E-05  0.1500E+02
  0.1540E+03 -0.4613E+02 -0.4613E+02 -0.4979E+03 -0.4979E+03 -0.2500E+03 -0.2500E+03 -0.2227E-05  0.6747E-05  0.1655E-05 -0.2840E-05  0.6719E-05  0.7205E-05  0.1500E+02
  0.1550E+03 -0.3117E+02 -0.3117E+02 -0.4990E+03 -0.4990E+03 -0.2500E+03 -0.2500E+03 -0.2428E-05  0.6677E-05  0.1655E-05 -0.2840E-05  0.6719E-05  0.7205E-05  0.1500E+02
  0.1560E+03 -0.1619E+02 -0.1619E+02 -0.4997E+03 -0.4997E+03 -0.2500E+03 -0.2500E+03 -0.2628E-05  0.6601E-05  0.1655E-05 -0.2840E-05  0.6719E-05  0.7205E-05  0.1500E+02
  0.1570E+03 -0.1194E+01 -0.1194E+01 -0.5000E+03 -0.5000E+03 -0.2500E+03 -0.2500E+03 -0.2824E-05  0.6519E-05  0.1655E-05 -0.2840E-05  0.6719E-05  0.7205E-05  0.1500E+02
  0.1580E+03  0.1380E+02  0.1380E+02 -0.4998E+03 -0.4998E+03 -0.2500E+03 -0.2500E+03 -0.3019E-05  0.6432E-05  0.1655E-05 -0.2840E-05  0.6719E-05  0.7205E-05  0.1500E+02
  0.1590E+03  0.2879E+02  0.2879E+02 -0.4992E+03 -0.4992E+03 -0.2500E+03 -0.2500E+03 -0.3210E-05  0.6338E-05  0.1655E-05 -0.2840E-05  0.6719E-05  0.7205E-05  0.1500E+02
  0.1600E+03  0.4375E+02  0.4375E+02 -0.4981E+03 -0.4981E+03 -0.2500E+03 -0.2500E+03 -0.3399E-05  0.6239E-05  0.1655E-05 -0.2840E-05  0.6719E-05  0.7205E-05  0.1500E+02
  0.1610E+03  0.5867E+02  0.5867E+02 -0.4965E+03 -0.4965E+03 -0.2500E+03 -0.2500E+03 -0.3585E-05  0.6134E-05  0.1655E-05 -0.2840E-05  0.6719E-05  0.7205E-05  0.1500E+02
  0.1620E+03  0.7354E+02  0.7354E+02 -0.4946E+03 -0.4946E+03 -0.2500E+03 -0.2500E+03 -0.3767E-05  0.6024E-05  0.1655E-05 -0.2840E-05  0.6719E-05  0.7205E-05  0.1500E+02
  0.1630E+03  0.8834E+02  0.8834E+02 -0.4921E+03 -0.4921E+03 -0.2500E+03 -0.2500E+03 -0.3946E-05  0.5908E-05  0.1655E-05 -0.2840E-05  0.6719E-05  0.7205E-05  0.1500E+02
  0.1640E+03  0.1031E+03  0.1031E+03 -0.4893E+03 -0.4893E+03 -0.2500E+03 -0.2500E+03 -0.4121E-05  0.5787E-05  0.1655E-05 -0.2840E-05  0.6719E-05  0.7205E-05  0.1500E+02
  0.1650E+03  0.1177E+03  0.1177E+03 -0.4860E+03 -0.4860E+03 -0.2500E+03 -0.2500E+03 -0.4293E-05  0.5661E-05  0.1655E-05 -0.2840E-05  0.6719E-05  0.7205E-05  0.1500E+02
  0.1660E+03  0.1322E+03  0.1322E+03 -0.4822E+03 -0.4822E+03 -0.2500E+03 -0.2500E+03 -0.4461E-05  0.5530E-05  0.1655E-05 -0.2840E-05  0.6719E-05  0.7205E-05  0.1500E+02
  0.1670E+03  0.1466E+03  0.1466E+03 -0.4780E+03 -0.4780E+03 -0.2500E+03 -0.2500E+03 -0.4625E-05  0.5394E-05  0.1655E-05 -0.2840E-05  0.6719E-05  0.7205E-05  0.1500E+02
  0.1680E+03  0.1609E+03  0.1609E+03 -0.4734E+03 -0.4734E+03 -0.2500E+03 -0.2500E+03 -0.4785E-05  0.5252E-05  0.1655E-05 -0.2840E-05  0.6719E-05  0.7205E-05  0.1500E+02
  0.1690E+03  0.1750E+03  0.1750E+03 -0.4684E+03 -0.4684E+03 -0.2500E+03 -0.2500E+03 -0.4940E-05  0.5106E-05  0.1655E-05 -0.2840E-05  0.6719E-05  0.7205E-05  0.1500E+02
  0.1700E+03  0.1890E+03  0.1890E+03 -0.4629E+03 -0.4629E+03 -0.2500E+03 -0.2500E+03 -0.5091E-05  0.4956E-05  0.1655E-05 -0.2840E-05  0.6719E-05  0.7205E-05  0.1500E+02
  0.1710E+03  0.2028E+03  0.2028E+03 -0.4570E+03 -0.4570E+03 -0.2500E+03 -0.2500E+03 -0.5237E-05  0.4801E-05  0.1655E-05 -0.2840E-05  0.6719E-05  0.7205E-05  0.1500E+02
  0.1720E+03  0.2164E+03  0.2164E+03 -0.4507E+03 -0.4507E+03 -0.2500E+03 -0.2500E+03 -0.5379E-05  0.4642E-05  0.1655E-05 -0.2840E-05  0.6719E-05  0.7205E-05  0.1500E+02
  0.1730E+03  0.2298E+03  0.2298E+03 -0.4440E+03 -0.4440E+03 -0.2500E+03 -0.2500E+03 -0.5516E-05  0.4478E-05  0.1655E-05 -0.2840E-05  0.6719E-05  0.7205E-05  0.1500E+02
  0.1740E+03  0.2430E+03  0.2430E+03 -0.4370E+03 -0.4370E+03 -0.2500E+03 -0.2500E+03 -0.5648E-05  0.4311E-05  0.1655E-05 -0.2840E-05  0.6719E-05  0.7205E-05  0.1500E+02
  0.1750E+03  0.2560E+03  0.2560E+03 -0.4295E+03 -0.4295E+03 -0.2500E+03 -0.2500E+03 -0.5774E-05  0.4140E-05  0.1655E-05 -0.2840E-05  0.6719E-05  0.7205E-05  0.1500E+02
  0.1760E+03  0.2688E+03  0.2688E+03 -0.4216E+03 -0.4216E+03 -0.2500E+03 -0.2500E+03 -0.5896E-05  0.3965E-05  0.1655E-05 -0.2840E-05  0.6719E-05  0.7205E-05  0.1500E+02
  0.1770E+03  0.2813E+03  0.2813E+03 -0.4133E+03 -0.4133E+03 -0.2500E+03 -0.2500E+03 -0.6012E-05  0.3786E-05  0.1655E-05 -0.2840E-05  0.6719E-05  0.7205E-05  0.1500E+02
  0.1780E+03  0.2936E+03  0.2936E+03 -0.4047E+03 -0.4047E+03 -0.2500E+03 -0.2500E+03 -0.6123E-05  0.3604E-05  0.1655E-05 -0.2840E-05  0.6719E-05  0.7205E-05  0.1500E+02
  0.1790E+03  0.3056E+03  0.3056E+03 -0.3957E+03 -0.3957E+03 -0.2500E+03 -0.2500E+03 -0.6228E-05  0.3419E-05  0.1655E-05 -0.2840E-05  0.6719E-05  0.7205E-05  0.1500E+02
  0.1800E+03  0.3173E+03  0.3173E+03 -0.3864E+03 -0.3864E+03 -0.2500E+03 -0.2500E+03 -0.6328E-05  0.3230E-05  0.1655E-05 -0.2840E-05  0.6719E-05  0.7205E-05  0.1500E+02
  0.1810E+03  0.3288E+03  0.3288E+03 -0.3767E+03 -0.3767E+03 -0.2500E+03 -0.2500E+03 -0.6422E-05  0.3039E-05  0.1655E-05 -0.2840E-05  0.6719E-05  0.7205E-05  0.1500E+02
  0.1820E+03  0.3399E+03  0.3399E+03 -0.3667E+03 -0.3667E+03 -0.2500E+03 -0.2500E+03 -0.6510E-05  0.2845E-05  0.1655E-05 -0.2840E-05  0.6719E-05  0.7205E-05  0.1500E+02
  0.1830E+03  0.3508E+03  0.3508E+03 -0.3563E+03 -0.3563E+03 -0.2500E+03 -0.2500E+03 -0.6593E-05  0.2648E-05  0.1655E-05 -0.2840E-05  0.6719E-05  0.7205E-05  0.1500E+02
  0.1840E+03  0.3613E+03  0.3613E+03 -0.3456E+03 -0.3456E+03 -0.2500E+03 -0.2500E+03 -0.6669E-05  0.2449E-05  0.1655E-05 -0.2840E-05  0.6719E-05  0.7205E-05  0.1500E+02
  0.1850E+03  0.3715E+03  0.3715E+03 -0.3346E+03 -0.3346E+03 -0.2500E+03 -0.2500E+03 -0.6740E-05  0.2248E-05  0.1655E-05 -0.2840E-05  0.6719E-05  0.7205E-05  0.1500E+02
  0.1860E+03  0.3814E+03  0.3814E+03 -0.3233E+03 -0.3233E+03 -0.2500E+03 -0.2500E+03 -0.6804E-05  0.2045E-05  0.1655E-05 -0.2840E-05  0.6719E-05  0.7205E-05  0.1500E+02
  0.1870E+03  0.3909E+03  0.3909E+03 -0.3117E+03 -0.3117E+03 -0.2500E+03 -0.2500E+03 -0.6862E-05  0.1840E-05  0.1655E-05 -0.2840E-05  0.6719E-05  0.7205E-05  0.1500E+02
  0.1880E+03  0.4001E+03  0.4001E+03 -0.2999E+03 -0.2999E+03 -0.2500E+03 -0.2500E+03 -0.6915E-05  0.1633E-05  0.1655E-05 -0.2840E-05  0.6719E-05  0.7205E-05  0.1500E+02
  0.1890E+03  0.4089E+03  0.4089E+03 -0.2877E+03 -0.2877E+03 -0.2500E+03 -0.2500E+03 -0.6960E-05  0.1425E-05  0.1655E-05 -0.2840E-05  0.6719E-05  0.7205E-05  0.1500E+02
  0.1900E+03  0.4174E+03  0.4174E+03 -0.2753E+03 -0.2753E+03 -0.2500E+03 -0.2500E+03 -0.7000E-05  0.1216E-05  0.1655E-05 -0.2840E-05  0.6719E-05  0.7205E-05  0.1500E+02
  0.1910E+03  0.4254E+03  0.4254E+03 -0.2627E+03 -0.2627E+03 -0.2500E+03 -0.2500E+03 -0.7033E-05  0.1005E-05  0.1655E-05 -0.2840E-05  0.6719E-05  0.7205E-05  0.1500E+02
  0.1920E+03  0.4331E+03  0.4331E+03 -0.2498E+03 -0.2498E+03 -0.2500E+03 -0.2500E+03 -0.7060E-05  0.7939E-06  0.1655E-05 -0.2840E-05  0.6719E-05  0.7205E-05  0.1500E+02
  0.1930E+03  0.4404E+03  0.4404E+03 -0.2367E+03 -0.2367E+03 -0.2500E+03 -0.2500E+03 -0.7081E-05  0.5818E-06  0.1655E-05 -0.2840E-05  0.6719E-05  0.7205E-05  0.1500E+02
  0.1940E+03  0.4473E+03  0.4473E+03 -0.2234E+03 -0.2234E+03 -0.2500E+03 -0.2500E+03 -0.7095E-05  0.3691E-06  0.1655E-05 -0.2840E-05  0.6719E-05  0.7205E-05  0.1500E+02
  0.1950E+03  0.4538E+03  0.4538E+03 -0.2099E+03 -0.2099E+03 -0.2500E+03 -0.2500E+03 -0.7103E-05  0.1561E-06  0.1655E-05 -0.2840E-05  0.6719E-05  0.7205E-05  0.1500E+02
  0.1960E+03  0.4599E+03  0.4599E+03 -0.1962E+03 -0.1962E+03 -0.2500E+03 -0.2500E+03 -0.7105E-05 -0.5701E-07  0.1655E-05 -0.2840E-05  0.6719E-05  0.7205E-05  0.1500E+02
  0.1970E+03  0.4656E+03  0.4656E+03 -0.1823E+03 -0.1823E+03 -0.2500E+03 -0.2500E+03 -0.7100E-05 -0.2701E-06  0.1655E-05 -0.2840E-05  0.6719E-05  0.7205E-05  0.1500E+02
  0.1980E+03  0.4708E+03  0.4708E+03 -0.1682E+03 -0.1682E+03 -0.2500E+03 -0.2500E+03 -0.7088E-05 -0.4829E-06  0.1655E-05 -0.2840E-05  0.6719E-05  0.7205E-05  0.1500E+02
  0.1990E+03  0.4757E+03  0.4757E+03 -0.1540E+03 -0.1540E+03 -0.2500E+03 -0.2500E+03 -0.7071E-05 -0.6953E-06  0.1655E-05 -0.2840E-05  0.6719E-05  0.7205E-05  0.1500E+02
  0.2000E+03  0.4801E+03  0.4801E+03 -0.1397E+03 -0.1397E+03 -0.2500E+03 -0.2500E+03 -0.7047E-05 -0.9071E-06  0.1655E-05 -0.2840E-05  0.6719E-05  0.7205E-05  0.1500E+02
  0.2010E+03  0.4841E+03  0.4841E+03 -0.1252E+03 -0.1252E+03 -0.2500E+03 -0.2500E+03 -0.7016E-05 -0.1118E-05  0.1655E-05 -0.2840E-05  0.6719E-05  0.7205E-05  0.1500E+02
  0.2020E+03  0.4876E+03  0.4876E+03 -0.1107E+03 -0.1107E+03 -0.2500E+03 -0.2500E+03 -0.6980E-05 -0.1328E-05  0.1655E-05 -0.2840E-05  0.6719E-05  0.7205E-05  0.1500E+02
  0.2030E+03  0.4907E+03  0.4907E+03 -0.9599E+02 -0.9599E+02 -0.2500E+03 -0.2500E+03 -0.6937E-05 -0.1537E-05  0.1655E-05 -0.2840E-05  0.6719E-05  0.7205E-05  0.1500E+02
  0.2040E+03  0.4934E+03  0.4934E+03 -0.8123E+02 -0.8123E+02 -0.2500E+03 -0.2500E+03 -0.6887E-05 -0.1744E-05  0.1655E-05 -0.2840E-05  0.6719E-05  0.7205E-05  0.1500E+02
  0.2050E+03  0.4956E+03  0.4956E+03 -0.6640E+02 -0.6640E+02 -0.2500E+03 -0.2500E+03 -0.6832E-05 -0.1950E-05  0.1655E-05 -0.2840E-05  0.6719E-05  0.7205E-05  0.1500E+02
  0.2060E+03  0.4973E+03  0.4973E+03 -0.5150E+02 -0.5150E+02 -0.2500E+03 -0.2500E+03 -0.6770E-05 -0.2154E-05  0.1655E-05 -0.2840E-05  0.6719E-05  0.7205E-05  0.1500E+02
  0.2070E+03  0.4987E+03  0.4987E+03 -0.3656E+02 -0.3656E+02 -0.2500E+03 -0.2500E+03 -0.6703E-05 -0.2356E-05  0.1655E-05 -0.2840E-05  0.6719E-05  0.7205E-05  0.1500E+02
  0.2080E+03  0.4995E+03  0.4995E+03 -0.2159E+02 -0.2159E+02 -0.2500E+03 -0.2500E+03 -0.6629E-05 -0.2556E-05  0.1655E-05 -0.2840E-05  0.6719E-05  0.7205E-05  0.1500E+02
  0.2090E+03  0.5000E+03  0.5000E+03 -0.6592E+01 -0.6592E+01 -0.2500E+03 -0.2500E+03 -0.6549E-05 -0.2754E-05  0.1655E-05 -0.2840E-05  0.6719E-05  0.7205E-05  0.1500E+02
