     Time          X           Y           Z      L1_error        q0          q1          q2          q3         Phi        Theta        Psi       norm q - 1
  0.1000E-02  0.5000E+03  0.1500E-01 -0.2500E+03  0.7988E-11  0.7040E+00  0.6650E-01 -0.3381E-01  0.7063E+00  0.2656E+01 -0.8137E+01  0.9000E+02 -0.1110E-15
  0.1000E+01  0.4998E+03  0.1500E+02 -0.2500E+03  0.4516E-05  0.6933E+00  0.6700E-01 -0.3281E-01  0.7168E+00  0.2656E+01 -0.8137E+01  0.9172E+02  0.6661E-15
  0.2000E+01  0.4991E+03  0.2998E+02 -0.2500E+03  0.7196E-05  0.6825E+00  0.6748E-01 -0.3180E-01  0.7271E+00  0.2656E+01 -0.8137E+01  0.9344E+02 -0.1776E-14
  0.3000E+01  0.4980E+03  0.4494E+02 -0.2500E+03  0.6744E-05  0.6715E+00  0.6795E-01 -0.3079E-01  0.7373E+00  0.2656E+01 -0.8137E+01  0.9516E+02  0.2220E-15
  0.4000E+01  0.4964E+03  0.5986E+02 -0.2500E+03  0.6612E-05  0.6604E+00  0.6841E-01 -0.2976E-01  0.7472E+00  0.2656E+01 -0.8137E+01  0.9688E+02 -0.5884E-14
  0.5000E+01  0.4944E+03  0.7472E+02 -0.2500E+03  0.6725E-05  0.6491E+00  0.6885E-01 -0.2873E-01  0.7571E+00  0.2656E+01 -0.8137E+01  0.9859E+02  0.2220E-14
  0.6000E+01  0.4919E+03  0.8951E+02 -0.2500E+03  0.6734E-05  0.6376E+00  0.6927E-01 -0.2770E-01  0.7667E+00  0.2656E+01 -0.8137E+01  0.1003E+03 -0.2665E-14
  0.7000E+01  0.4890E+03  0.1042E+03 -0.2500E+03  0.6721E-05  0.6261E+00  0.6968E-01 -0.2666E-01  0.7762E+00  0.2656E+01 -0.8137E+01  0.1020E+03 -0.3775E-14
  0.8000E+01  0.4857E+03  0.1189E+03 -0.2500E+03  0.6721E-05  0.6144E+00  0.7007E-01 -0.2561E-01  0.7855E+00  0.2656E+01 -0.8137E+01  0.1038E+03 -0.9881E-14
  0.9000E+01  0.4819E+03  0.1334E+03 -0.2500E+03  0.6721E-05  0.6025E+00  0.7044E-01 -0.2455E-01  0.7946E+00  0.2656E+01 -0.8137E+01  0.1055E+03 -0.2087E-13
  0.1000E+02  0.4777E+03  0.1478E+03 -0.2500E+03  0.6720E-05  0.5905E+00  0.7081E-01 -0.2349E-01  0.8036E+00  0.2656E+01 -0.8137E+01  0.1072E+03 -0.2687E-13
  0.1100E+02  0.4730E+03  0.1620E+03 -0.2500E+03  0.6720E-05  0.5784E+00  0.7115E-01 -0.2243E-01  0.8123E+00  0.2656E+01 -0.8137E+01  0.1089E+03 -0.3653E-13
  0.1200E+02  0.4679E+03  0.1761E+03 -0.2500E+03  0.6720E-05  0.5662E+00  0.7148E-01 -0.2136E-01  0.8209E+00  0.2656E+01 -0.8137E+01  0.1106E+03 -0.4607E-13
  0.1300E+02  0.4625E+03  0.1901E+03 -0.2500E+03  0.6720E-05  0.5538E+00  0.7179E-01 -0.2029E-01  0.8293E+00  0.2656E+01 -0.8137E+01  0.1123E+03 -0.5274E-13
  0.1400E+02  0.4565E+03  0.2039E+03 -0.2500E+03  0.6719E-05  0.5413E+00  0.7209E-01 -0.1921E-01  0.8375E+00  0.2656E+01 -0.8137E+01  0.1141E+03 -0.6184E-13
  0.1500E+02  0.4502E+03  0.2175E+03 -0.2500E+03  0.6719E-05  0.5286E+00  0.7237E-01 -0.1812E-01  0.8456E+00  0.2656E+01 -0.8137E+01  0.1158E+03 -0.7072E-13
  0.1600E+02  0.4435E+03  0.2309E+03 -0.2500E+03  0.6719E-05  0.5159E+00  0.7263E-01 -0.1704E-01  0.8534E+00  0.2656E+01 -0.8137E+01  0.1175E+03 -0.7860E-13
  0.1700E+02  0.4364E+03  0.2441E+03 -0.2500E+03  0.6719E-05  0.5030E+00  0.7288E-01 -0.1594E-01  0.8610E+00  0.2656E+01 -0.8137E+01  0.1192E+03 -0.9048E-13
  0.1800E+02  0.4289E+03  0.2571E+03 -0.2500E+03  0.6719E-05  0.4901E+00  0.7311E-01 -0.1485E-01  0.8685E+00  0.2656E+01 -0.8137E+01  0.1209E+03 -0.1008E-12
  0.1900E+02  0.4210E+03  0.2698E+03 -0.2500E+03  0.6719E-05  0.4770E+00  0.7332E-01 -0.1375E-01  0.8757E+00  0.2656E+01 -0.8137E+01  0.1227E+03 -0.1108E-12
  0.2000E+02  0.4127E+03  0.2823E+03 -0.2500E+03  0.6719E-05  0.4638E+00  0.7352E-01 -0.1265E-01  0.8828E+00  0.2656E+01 -0.8137E+01  0.1244E+03 -0.1210E-12
  0.2100E+02  0.4040E+03  0.2946E+03 -0.2500E+03  0.6719E-05  0.4505E+00  0.7370E-01 -0.1155E-01  0.8896E+00  0.2656E+01 -0.8137E+01  0.1261E+03 -0.1297E-12
  0.2200E+02  0.3950E+03  0.3066E+03 -0.2500E+03  0.6719E-05  0.4371E+00  0.7387E-01 -0.1044E-01  0.8963E+00  0.2656E+01 -0.8137E+01  0.1278E+03 -0.1383E-12
  0.2300E+02  0.3856E+03  0.3183E+03 -0.2500E+03  0.6719E-05  0.4236E+00  0.7402E-01 -0.9329E-02  0.9028E+00  0.2656E+01 -0.8137E+01  0.1295E+03 -0.1495E-12
  0.2400E+02  0.3759E+03  0.3297E+03 -0.2500E+03  0.6719E-05  0.4100E+00  0.7415E-01 -0.8218E-02  0.9090E+00  0.2656E+01 -0.8137E+01  0.1313E+03 -0.1612E-12
  0.2500E+02  0.3658E+03  0.3408E+03 -0.2500E+03  0.6719E-05  0.3964E+00  0.7426E-01 -0.7105E-02  0.9151E+00  0.2656E+01 -0.8137E+01  0.1330E+03 -0.1705E-12
  0.2600E+02  0.3555E+03  0.3516E+03 -0.2500E+03  0.6719E-05  0.3826E+00  0.7436E-01 -0.5990E-02  0.9209E+00  0.2656E+01 -0.8137E+01  0.1347E+03 -0.1744E-12
  0.2700E+02  0.3447E+03  0.3621E+03 -0.2500E+03  0.6719E-05  0.3687E+00  0.7444E-01 -0.4874E-02  0.9265E+00  0.2656E+01 -0.8137E+01  0.1364E+03 -0.1855E-12
  0.2800E+02  0.3337E+03  0.3723E+03 -0.2500E+03  0.6719E-05  0.3548E+00  0.7451E-01 -0.3757E-02  0.9320E+00  0.2656E+01 -0.8137E+01  0.1381E+03 -0.1950E-12
  0.2900E+02  0.3224E+03  0.3822E+03 -0.2500E+03  0.6719E-05  0.3408E+00  0.7455E-01 -0.2639E-02  0.9372E+00  0.2656E+01 -0.8137E+01  0.1398E+03 -0.2029E-12
  0.3000E+02  0.3108E+03  0.3917E+03 -0.2500E+03  0.6719E-05  0.3267E+00  0.7459E-01 -0.1520E-02  0.9422E+00  0.2656E+01 -0.8137E+01  0.1416E+03 -0.2117E-12
  0.3100E+02  0.2989E+03  0.4008E+03 -0.2500E+03  0.6719E-05  0.3125E+00  0.7460E-01 -0.4016E-03  0.9470E+00  0.2656E+01 -0.8137E+01  0.1433E+03 -0.2205E-12
  0.3200E+02  0.2868E+03  0.4096E+03 -0.2500E+03  0.6719E-05  0.2983E+00  0.7460E-01  0.7174E-03  0.9516E+00  0.2656E+01 -0.8137E+01  0.1450E+03 -0.2294E-12
  0.3300E+02  0.2743E+03  0.4180E+03 -0.2500E+03  0.6719E-05  0.2840E+00  0.7458E-01  0.1836E-02  0.9559E+00  0.2656E+01 -0.8137E+01  0.1467E+03 -0.2416E-12
  0.3400E+02  0.2617E+03  0.4261E+03 -0.2500E+03  0.6719E-05  0.2696E+00  0.7454E-01  0.2955E-02  0.9601E+00  0.2656E+01 -0.8137E+01  0.1484E+03 -0.2488E-12
  0.3500E+02  0.2488E+03  0.4337E+03 -0.2500E+03  0.6719E-05  0.2552E+00  0.7449E-01  0.4072E-02  0.9640E+00  0.2656E+01 -0.8137E+01  0.1502E+03 -0.2592E-12
  0.3600E+02  0.2357E+03  0.4410E+03 -0.2500E+03  0.6719E-05  0.2407E+00  0.7442E-01  0.5189E-02  0.9677E+00  0.2656E+01 -0.8137E+01  0.1519E+03 -0.2672E-12
  0.3700E+02  0.2223E+03  0.4478E+03 -0.2500E+03  0.6719E-05  0.2261E+00  0.7433E-01  0.6305E-02  0.9712E+00  0.2656E+01 -0.8137E+01  0.1536E+03 -0.2759E-12
  0.3800E+02  0.2088E+03  0.4543E+03 -0.2500E+03  0.6719E-05  0.2115E+00  0.7423E-01  0.7419E-02  0.9745E+00  0.2656E+01 -0.8137E+01  0.1553E+03 -0.2887E-12
  0.3900E+02  0.1951E+03  0.4604E+03 -0.2500E+03  0.6719E-05  0.1969E+00  0.7411E-01  0.8532E-02  0.9776E+00  0.2656E+01 -0.8137E+01  0.1570E+03 -0.2959E-12
  0.4000E+02  0.1812E+03  0.4660E+03 -0.2500E+03  0.6719E-05  0.1822E+00  0.7398E-01  0.9643E-02  0.9804E+00  0.2656E+01 -0.8137E+01  0.1588E+03 -0.3044E-12
  0.4100E+02  0.1671E+03  0.4712E+03 -0.2500E+03  0.6719E-05  0.1675E+00  0.7382E-01  0.1075E-01  0.9830E+00  0.2656E+01 -0.8137E+01  0.1605E+03 -0.3132E-12
  0.4200E+02  0.1529E+03  0.4760E+03 -0.2500E+03  0.6719E-05  0.1527E+00  0.7365E-01  0.1186E-01  0.9855E+00  0.2656E+01 -0.8137E+01  0.1622E+03 -0.3232E-12
  0.4300E+02  0.1386E+03  0.4804E+03 -0.2500E+03  0.6719E-05  0.1379E+00  0.7347E-01  0.1296E-01  0.9876E+00  0.2656E+01 -0.8137E+01  0.1639E+03 -0.3347E-12
  0.4400E+02  0.1241E+03  0.4844E+03 -0.2500E+03  0.6719E-05  0.1231E+00  0.7326E-01  0.1406E-01  0.9896E+00  0.2656E+01 -0.8137E+01  0.1656E+03 -0.3449E-12
  0.4500E+02  0.1095E+03  0.4879E+03 -0.2500E+03  0.6719E-05  0.1082E+00  0.7304E-01  0.1516E-01  0.9913E+00  0.2656E+01 -0.8137E+01  0.1673E+03 -0.3550E-12
  0.4600E+02  0.9482E+02  0.4909E+03 -0.2500E+03  0.6719E-05  0.9335E-01  0.7281E-01  0.1625E-01  0.9928E+00  0.2656E+01 -0.8137E+01  0.1691E+03 -0.3660E-12
  0.4700E+02  0.8005E+02  0.4936E+03 -0.2500E+03  0.6719E-05  0.7845E-01  0.7256E-01  0.1734E-01  0.9941E+00  0.2656E+01 -0.8137E+01  0.1708E+03 -0.3747E-12
  0.4800E+02  0.6521E+02  0.4957E+03 -0.2500E+03  0.6719E-05  0.6353E-01  0.7229E-01  0.1843E-01  0.9952E+00  0.2656E+01 -0.8137E+01  0.1725E+03 -0.3800E-12
  0.4900E+02  0.5031E+02  0.4975E+03 -0.2500E+03  0.6719E-05  0.4859E-01  0.7200E-01  0.1951E-01  0.9960E+00  0.2656E+01 -0.8137E+01  0.1742E+03 -0.3898E-12
  0.5000E+02  0.3537E+02  0.4987E+03 -0.2500E+03  0.6719E-05  0.3365E-01  0.7170E-01  0.2059E-01  0.9966E+00  0.2656E+01 -0.8137E+01  0.1759E+03 -0.3979E-12
  0.5100E+02  0.2039E+02  0.4996E+03 -0.2500E+03  0.6719E-05  0.1870E-01  0.7139E-01  0.2166E-01  0.9970E+00  0.2656E+01 -0.8137E+01  0.1777E+03 -0.4092E-12
  0.5200E+02  0.5398E+01  0.5000E+03 -0.2500E+03  0.6719E-05  0.3739E-02  0.7105E-01  0.2273E-01  0.9972E+00  0.2656E+01 -0.8137E+01  0.1794E+03 -0.4194E-12
  0.5300E+02 -0.9601E+01  0.4999E+03 -0.2500E+03  0.6719E-05 -0.1122E-01  0.7070E-01  0.2379E-01  0.9972E+00  0.2656E+01 -0.8137E+01 -0.1789E+03 -0.4270E-12
  0.5400E+02 -0.2459E+02  0.4994E+03 -0.2500E+03  0.6719E-05 -0.2617E-01  0.7034E-01  0.2485E-01  0.9969E+00  0.2656E+01 -0.8137E+01 -0.1772E+03 -0.4359E-12
  0.5500E+02 -0.3956E+02  0.4984E+03 -0.2500E+03  0.6719E-05 -0.4112E-01  0.6996E-01  0.2590E-01  0.9964E+00  0.2656E+01 -0.8137E+01 -0.1755E+03 -0.4475E-12
  0.5600E+02 -0.5449E+02  0.4970E+03 -0.2500E+03  0.6719E-05 -0.5606E-01  0.6956E-01  0.2695E-01  0.9956E+00  0.2656E+01 -0.8137E+01 -0.1737E+03 -0.4566E-12
  0.5700E+02 -0.6938E+02  0.4952E+03 -0.2500E+03  0.6719E-05 -0.7099E-01  0.6915E-01  0.2799E-01  0.9947E+00  0.2656E+01 -0.8137E+01 -0.1720E+03 -0.4635E-12
  0.5800E+02 -0.8420E+02  0.4929E+03 -0.2500E+03  0.6719E-05 -0.8590E-01  0.6872E-01  0.2902E-01  0.9935E+00  0.2656E+01 -0.8137E+01 -0.1703E+03 -0.4733E-12
  0.5900E+02 -0.9894E+02  0.4901E+03 -0.2500E+03  0.6719E-05 -0.1008E+00  0.6828E-01  0.3005E-01  0.9921E+00  0.2656E+01 -0.8137E+01 -0.1686E+03 -0.4819E-12
  0.6000E+02 -0.1136E+03  0.4869E+03 -0.2500E+03  0.6719E-05 -0.1157E+00  0.6782E-01  0.3107E-01  0.9905E+00  0.2656E+01 -0.8137E+01 -0.1669E+03 -0.4908E-12
  0.6100E+02 -0.1282E+03  0.4833E+03 -0.2500E+03  0.6719E-05 -0.1305E+00  0.6735E-01  0.3209E-01  0.9886E+00  0.2656E+01 -0.8137E+01 -0.1651E+03 -0.5004E-12
  0.6200E+02 -0.1426E+03  0.4792E+03 -0.2500E+03  0.6719E-05 -0.1453E+00  0.6686E-01  0.3309E-01  0.9866E+00  0.2656E+01 -0.8137E+01 -0.1634E+03 -0.5129E-12
  0.6300E+02 -0.1569E+03  0.4747E+03 -0.2500E+03  0.6719E-05 -0.1601E+00  0.6636E-01  0.3409E-01  0.9843E+00  0.2656E+01 -0.8137E+01 -0.1617E+03 -0.5227E-12
  0.6400E+02 -0.1711E+03  0.4698E+03 -0.2500E+03  0.6719E-05 -0.1749E+00  0.6584E-01  0.3508E-01  0.9818E+00  0.2656E+01 -0.8137E+01 -0.1600E+03 -0.5306E-12
  0.6500E+02 -0.1851E+03  0.4645E+03 -0.2500E+03  0.6719E-05 -0.1896E+00  0.6530E-01  0.3607E-01  0.9790E+00  0.2656E+01 -0.8137E+01 -0.1583E+03 -0.5392E-12
  0.6600E+02 -0.1989E+03  0.4587E+03 -0.2500E+03  0.6719E-05 -0.2042E+00  0.6475E-01  0.3704E-01  0.9761E+00  0.2656E+01 -0.8137E+01 -0.1566E+03 -0.5502E-12
  0.6700E+02 -0.2126E+03  0.4525E+03 -0.2500E+03  0.6719E-05 -0.2188E+00  0.6419E-01  0.3801E-01  0.9729E+00  0.2656E+01 -0.8137E+01 -0.1548E+03 -0.5593E-12
  0.6800E+02 -0.2261E+03  0.4460E+03 -0.2500E+03  0.6719E-05 -0.2334E+00  0.6361E-01  0.3897E-01  0.9695E+00  0.2656E+01 -0.8137E+01 -0.1531E+03 -0.5695E-12
  0.6900E+02 -0.2394E+03  0.4390E+03 -0.2500E+03  0.6719E-05 -0.2479E+00  0.6302E-01  0.3992E-01  0.9659E+00  0.2656E+01 -0.8137E+01 -0.1514E+03 -0.5780E-12
  0.7000E+02 -0.2524E+03  0.4316E+03 -0.2500E+03  0.6719E-05 -0.2624E+00  0.6242E-01  0.4086E-01  0.9621E+00  0.2656E+01 -0.8137E+01 -0.1497E+03 -0.5862E-12
  0.7100E+02 -0.2653E+03  0.4238E+03 -0.2500E+03  0.6719E-05 -0.2768E+00  0.6180E-01  0.4179E-01  0.9580E+00  0.2656E+01 -0.8137E+01 -0.1480E+03 -0.5929E-12
  0.7200E+02 -0.2778E+03  0.4157E+03 -0.2500E+03  0.6719E-05 -0.2911E+00  0.6116E-01  0.4271E-01  0.9538E+00  0.2656E+01 -0.8137E+01 -0.1462E+03 -0.6021E-12
  0.7300E+02 -0.2902E+03  0.4072E+03 -0.2500E+03  0.6719E-05 -0.3054E+00  0.6052E-01  0.4363E-01  0.9493E+00  0.2656E+01 -0.8137E+01 -0.1445E+03 -0.6104E-12
  0.7400E+02 -0.3023E+03  0.3983E+03 -0.2500E+03  0.6719E-05 -0.3196E+00  0.5985E-01  0.4453E-01  0.9446E+00  0.2656E+01 -0.8137E+01 -0.1428E+03 -0.6196E-12
  0.7500E+02 -0.3141E+03  0.3890E+03 -0.2500E+03  0.6719E-05 -0.3337E+00  0.5918E-01  0.4542E-01  0.9397E+00  0.2656E+01 -0.8137E+01 -0.1411E+03 -0.6301E-12
  0.7600E+02 -0.3256E+03  0.3794E+03 -0.2500E+03  0.6719E-05 -0.3478E+00  0.5849E-01  0.4630E-01  0.9346E+00  0.2656E+01 -0.8137E+01 -0.1394E+03 -0.6392E-12
  0.7700E+02 -0.3368E+03  0.3695E+03 -0.2500E+03  0.6719E-05 -0.3618E+00  0.5779E-01  0.4718E-01  0.9293E+00  0.2656E+01 -0.8137E+01 -0.1376E+03 -0.6486E-12
  0.7800E+02 -0.3478E+03  0.3592E+03 -0.2500E+03  0.6719E-05 -0.3757E+00  0.5708E-01  0.4804E-01  0.9237E+00  0.2656E+01 -0.8137E+01 -0.1359E+03 -0.6566E-12
  0.7900E+02 -0.3584E+03  0.3486E+03 -0.2500E+03  0.6719E-05 -0.3895E+00  0.5635E-01  0.4889E-01  0.9180E+00  0.2656E+01 -0.8137E+01 -0.1342E+03 -0.6651E-12
  0.8000E+02 -0.3687E+03  0.3377E+03 -0.2500E+03  0.6719E-05 -0.4032E+00  0.5561E-01  0.4973E-01  0.9121E+00  0.2656E+01 -0.8137E+01 -0.1325E+03 -0.6739E-12
  0.8100E+02 -0.3787E+03  0.3265E+03 -0.2500E+03  0.6719E-05 -0.4168E+00  0.5486E-01  0.5056E-01  0.9059E+00  0.2656E+01 -0.8137E+01 -0.1308E+03 -0.6829E-12
  0.8200E+02 -0.3883E+03  0.3150E+03 -0.2500E+03  0.6719E-05 -0.4304E+00  0.5409E-01  0.5137E-01  0.8996E+00  0.2656E+01 -0.8137E+01 -0.1291E+03 -0.6930E-12
  0.8300E+02 -0.3976E+03  0.3032E+03 -0.2500E+03  0.6719E-05 -0.4438E+00  0.5332E-01  0.5218E-01  0.8930E+00  0.2656E+01 -0.8137E+01 -0.1273E+03 -0.7040E-12
  0.8400E+02 -0.4065E+03  0.2912E+03 -0.2500E+03  0.6719E-05 -0.4572E+00  0.5253E-01  0.5297E-01  0.8862E+00  0.2656E+01 -0.8137E+01 -0.1256E+03 -0.7125E-12
  0.8500E+02 -0.4150E+03  0.2788E+03 -0.2500E+03  0.6719E-05 -0.4704E+00  0.5173E-01  0.5375E-01  0.8793E+00  0.2656E+01 -0.8137E+01 -0.1239E+03 -0.7221E-12
  0.8600E+02 -0.4232E+03  0.2663E+03 -0.2500E+03  0.6719E-05 -0.4836E+00  0.5092E-01  0.5452E-01  0.8721E+00  0.2656E+01 -0.8137E+01 -0.1222E+03 -0.7322E-12
  0.8700E+02 -0.4310E+03  0.2535E+03 -0.2500E+03  0.6719E-05 -0.4966E+00  0.5009E-01  0.5528E-01  0.8648E+00  0.2656E+01 -0.8137E+01 -0.1205E+03 -0.7421E-12
  0.8800E+02 -0.4384E+03  0.2404E+03 -0.2500E+03  0.6719E-05 -0.5095E+00  0.4926E-01  0.5603E-01  0.8572E+00  0.2656E+01 -0.8137E+01 -0.1187E+03 -0.7516E-12
  0.8900E+02 -0.4454E+03  0.2272E+03 -0.2500E+03  0.6719E-05 -0.5223E+00  0.4841E-01  0.5676E-01  0.8495E+00  0.2656E+01 -0.8137E+01 -0.1170E+03 -0.7623E-12
  0.9000E+02 -0.4520E+03  0.2137E+03 -0.2500E+03  0.6719E-05 -0.5350E+00  0.4755E-01  0.5748E-01  0.8416E+00  0.2656E+01 -0.8137E+01 -0.1153E+03 -0.7720E-12
  0.9100E+02 -0.4582E+03  0.2000E+03 -0.2500E+03  0.6719E-05 -0.5475E+00  0.4669E-01  0.5819E-01  0.8334E+00  0.2656E+01 -0.8137E+01 -0.1136E+03 -0.7819E-12
  0.9200E+02 -0.4640E+03  0.1862E+03 -0.2500E+03  0.6719E-05 -0.5600E+00  0.4581E-01  0.5888E-01  0.8251E+00  0.2656E+01 -0.8137E+01 -0.1119E+03 -0.7914E-12
  0.9300E+02 -0.4694E+03  0.1722E+03 -0.2500E+03  0.6719E-05 -0.5723E+00  0.4492E-01  0.5956E-01  0.8166E+00  0.2656E+01 -0.8137E+01 -0.1101E+03 -0.8002E-12
  0.9400E+02 -0.4744E+03  0.1580E+03 -0.2500E+03  0.6719E-05 -0.5845E+00  0.4402E-01  0.6023E-01  0.8080E+00  0.2656E+01 -0.8137E+01 -0.1084E+03 -0.8100E-12
  0.9500E+02 -0.4789E+03  0.1437E+03 -0.2500E+03  0.6719E-05 -0.5965E+00  0.4311E-01  0.6088E-01  0.7991E+00  0.2656E+01 -0.8137E+01 -0.1067E+03 -0.8222E-12
  0.9600E+02 -0.4830E+03  0.1293E+03 -0.2500E+03  0.6719E-05 -0.6085E+00  0.4220E-01  0.6152E-01  0.7901E+00  0.2656E+01 -0.8137E+01 -0.1050E+03 -0.8314E-12
  0.9700E+02 -0.4867E+03  0.1148E+03 -0.2500E+03  0.6719E-05 -0.6202E+00  0.4127E-01  0.6215E-01  0.7809E+00  0.2656E+01 -0.8137E+01 -0.1033E+03 -0.8401E-12
  0.9800E+02 -0.4899E+03  0.1001E+03 -0.2500E+03  0.6719E-05 -0.6319E+00  0.4033E-01  0.6276E-01  0.7715E+00  0.2656E+01 -0.8137E+01 -0.1016E+03 -0.8497E-12
  0.9900E+02 -0.4927E+03  0.8538E+02 -0.2500E+03  0.6719E-05 -0.6434E+00  0.3939E-01  0.6336E-01  0.7619E+00  0.2656E+01 -0.8137E+01 -0.9983E+02 -0.8579E-12
  0.1000E+03 -0.4950E+03  0.7056E+02 -0.2500E+03  0.6719E-05 -0.6547E+00  0.3843E-01  0.6394E-01  0.7522E+00  0.2656E+01 -0.8137E+01 -0.9811E+02 -0.8681E-12
  0.1010E+03 -0.4969E+03  0.5568E+02 -0.2500E+03  0.6719E-05 -0.6659E+00  0.3747E-01  0.6451E-01  0.7423E+00  0.2656E+01 -0.8137E+01 -0.9639E+02 -0.8787E-12
  0.1020E+03 -0.4983E+03  0.4075E+02 -0.2500E+03  0.6719E-05 -0.6770E+00  0.3650E-01  0.6506E-01  0.7322E+00  0.2656E+01 -0.8137E+01 -0.9467E+02 -0.8876E-12
  0.1030E+03 -0.4993E+03  0.2578E+02 -0.2500E+03  0.6719E-05 -0.6879E+00  0.3552E-01  0.6560E-01  0.7220E+00  0.2656E+01 -0.8137E+01 -0.9296E+02 -0.8953E-12
  0.1040E+03 -0.4999E+03  0.1080E+02 -0.2500E+03  0.6719E-05 -0.6987E+00  0.3453E-01  0.6613E-01  0.7116E+00  0.2656E+01 -0.8137E+01 -0.9124E+02 -0.9078E-12
  0.1050E+03 -0.5000E+03 -0.4204E+01 -0.2500E+03  0.6719E-05 -0.7093E+00  0.3353E-01  0.6664E-01  0.7010E+00  0.2656E+01 -0.8137E+01 -0.8952E+02 -0.9183E-12
  0.1060E+03 -0.4996E+03 -0.1920E+02 -0.2500E+03  0.6719E-05 -0.7197E+00  0.3253E-01  0.6714E-01  0.6903E+00  0.2656E+01 -0.8137E+01 -0.8780E+02 -0.9273E-12
  0.1070E+03 -0.4988E+03 -0.3418E+02 -0.2500E+03  0.6719E-05 -0.7300E+00  0.3152E-01  0.6762E-01  0.6794E+00  0.2656E+01 -0.8137E+01 -0.8608E+02 -0.9380E-12
  0.1080E+03 -0.4976E+03 -0.4912E+02 -0.2500E+03  0.6719E-05 -0.7401E+00  0.3050E-01  0.6808E-01  0.6684E+00  0.2656E+01 -0.8137E+01 -0.8436E+02 -0.9484E-12
  0.1090E+03 -0.4959E+03 -0.6403E+02 -0.2500E+03  0.6719E-05 -0.7500E+00  0.2948E-01  0.6853E-01  0.6572E+00  0.2656E+01 -0.8137E+01 -0.8264E+02 -0.9551E-12
  0.1100E+03 -0.4937E+03 -0.7887E+02 -0.2500E+03  0.6719E-05 -0.7598E+00  0.2844E-01  0.6897E-01  0.6459E+00  0.2656E+01 -0.8137E+01 -0.8092E+02 -0.9651E-12
  0.1110E+03 -0.4912E+03 -0.9365E+02 -0.2500E+03  0.6719E-05 -0.7694E+00  0.2741E-01  0.6938E-01  0.6344E+00  0.2656E+01 -0.8137E+01 -0.7921E+02 -0.9749E-12
  0.1120E+03 -0.4881E+03 -0.1083E+03 -0.2500E+03  0.6719E-05 -0.7788E+00  0.2636E-01  0.6979E-01  0.6228E+00  0.2656E+01 -0.8137E+01 -0.7749E+02 -0.9835E-12
  0.1130E+03 -0.4847E+03 -0.1229E+03 -0.2500E+03  0.6719E-05 -0.7881E+00  0.2531E-01  0.7018E-01  0.6111E+00  0.2656E+01 -0.8137E+01 -0.7577E+02 -0.9925E-12
  0.1140E+03 -0.4807E+03 -0.1374E+03 -0.2500E+03  0.6719E-05 -0.7971E+00  0.2426E-01  0.7055E-01  0.5992E+00  0.2656E+01 -0.8137E+01 -0.7405E+02 -0.9999E-12
  0.1150E+03 -0.4764E+03 -0.1518E+03 -0.2500E+03  0.6719E-05 -0.8060E+00  0.2320E-01  0.7090E-01  0.5871E+00  0.2656E+01 -0.8137E+01 -0.7233E+02 -0.1012E-11
  0.1160E+03 -0.4716E+03 -0.1660E+03 -0.2500E+03  0.6719E-05 -0.8148E+00  0.2213E-01  0.7124E-01  0.5750E+00  0.2656E+01 -0.8137E+01 -0.7061E+02 -0.1022E-11
  0.1170E+03 -0.4665E+03 -0.1801E+03 -0.2500E+03  0.6719E-05 -0.8233E+00  0.2106E-01  0.7157E-01  0.5627E+00  0.2656E+01 -0.8137E+01 -0.6889E+02 -0.1031E-11
  0.1180E+03 -0.4608E+03 -0.1940E+03 -0.2500E+03  0.6719E-05 -0.8316E+00  0.1998E-01  0.7187E-01  0.5503E+00  0.2656E+01 -0.8137E+01 -0.6717E+02 -0.1040E-11
  0.1190E+03 -0.4548E+03 -0.2077E+03 -0.2500E+03  0.6719E-05 -0.8398E+00  0.1890E-01  0.7217E-01  0.5377E+00  0.2656E+01 -0.8137E+01 -0.6545E+02 -0.1049E-11
  0.1200E+03 -0.4484E+03 -0.2213E+03 -0.2500E+03  0.6719E-05 -0.8478E+00  0.1782E-01  0.7244E-01  0.5251E+00  0.2656E+01 -0.8137E+01 -0.6374E+02 -0.1055E-11
  0.1210E+03 -0.4415E+03 -0.2346E+03 -0.2500E+03  0.6719E-05 -0.8556E+00  0.1673E-01  0.7270E-01  0.5123E+00  0.2656E+01 -0.8137E+01 -0.6202E+02 -0.1066E-11
  0.1220E+03 -0.4343E+03 -0.2477E+03 -0.2500E+03  0.6719E-05 -0.8631E+00  0.1564E-01  0.7294E-01  0.4994E+00  0.2656E+01 -0.8137E+01 -0.6030E+02 -0.1075E-11
  0.1230E+03 -0.4267E+03 -0.2607E+03 -0.2500E+03  0.6719E-05 -0.8705E+00  0.1454E-01  0.7317E-01  0.4864E+00  0.2656E+01 -0.8137E+01 -0.5858E+02 -0.1086E-11
  0.1240E+03 -0.4187E+03 -0.2733E+03 -0.2500E+03  0.6719E-05 -0.8777E+00  0.1344E-01  0.7338E-01  0.4733E+00  0.2656E+01 -0.8137E+01 -0.5686E+02 -0.1096E-11
  0.1250E+03 -0.4103E+03 -0.2858E+03 -0.2500E+03  0.6719E-05 -0.8847E+00  0.1234E-01  0.7357E-01  0.4601E+00  0.2656E+01 -0.8137E+01 -0.5514E+02 -0.1103E-11
  0.1260E+03 -0.4015E+03 -0.2980E+03 -0.2500E+03  0.6719E-05 -0.8915E+00  0.1124E-01  0.7375E-01  0.4468E+00  0.2656E+01 -0.8137E+01 -0.5342E+02 -0.1113E-11
  0.1270E+03 -0.3924E+03 -0.3099E+03 -0.2500E+03  0.6719E-05 -0.8981E+00  0.1013E-01  0.7391E-01  0.4333E+00  0.2656E+01 -0.8137E+01 -0.5170E+02 -0.1123E-11
  0.1280E+03 -0.3829E+03 -0.3215E+03 -0.2500E+03  0.6719E-05 -0.9045E+00  0.9018E-02  0.7405E-01  0.4198E+00  0.2656E+01 -0.8137E+01 -0.4998E+02 -0.1134E-11
  0.1290E+03 -0.3731E+03 -0.3328E+03 -0.2500E+03  0.6719E-05 -0.9107E+00  0.7906E-02  0.7418E-01  0.4062E+00  0.2656E+01 -0.8137E+01 -0.4827E+02 -0.1144E-11
  0.1300E+03 -0.3630E+03 -0.3439E+03 -0.2500E+03  0.6719E-05 -0.9167E+00  0.6793E-02  0.7429E-01  0.3925E+00  0.2656E+01 -0.8137E+01 -0.4655E+02 -0.1153E-11
  0.1310E+03 -0.3525E+03 -0.3546E+03 -0.2500E+03  0.6719E-05 -0.9225E+00  0.5678E-02  0.7438E-01  0.3787E+00  0.2656E+01 -0.8137E+01 -0.4483E+02 -0.1164E-11
  0.1320E+03 -0.3417E+03 -0.3650E+03 -0.2500E+03  0.6719E-05 -0.9281E+00  0.4561E-02  0.7446E-01  0.3648E+00  0.2656E+01 -0.8137E+01 -0.4311E+02 -0.1174E-11
  0.1330E+03 -0.3306E+03 -0.3751E+03 -0.2500E+03  0.6719E-05 -0.9334E+00  0.3444E-02  0.7452E-01  0.3509E+00  0.2656E+01 -0.8137E+01 -0.4139E+02 -0.1185E-11
  0.1340E+03 -0.3192E+03 -0.3849E+03 -0.2500E+03  0.6719E-05 -0.9386E+00  0.2326E-02  0.7456E-01  0.3368E+00  0.2656E+01 -0.8137E+01 -0.3967E+02 -0.1196E-11
  0.1350E+03 -0.3075E+03 -0.3943E+03 -0.2500E+03  0.6719E-05 -0.9436E+00  0.1207E-02  0.7459E-01  0.3227E+00  0.2656E+01 -0.8137E+01 -0.3795E+02 -0.1202E-11
  0.1360E+03 -0.2955E+03 -0.4033E+03 -0.2500E+03  0.6719E-05 -0.9483E+00  0.8796E-04  0.7460E-01  0.3085E+00  0.2656E+01 -0.8137E+01 -0.3623E+02 -0.1213E-11
  0.1370E+03 -0.2833E+03 -0.4120E+03 -0.2500E+03  0.6719E-05 -0.9528E+00 -0.1031E-02  0.7459E-01  0.2943E+00  0.2656E+01 -0.8137E+01 -0.3451E+02 -0.1223E-11
  0.1380E+03 -0.2708E+03 -0.4203E+03 -0.2500E+03  0.6719E-05 -0.9571E+00 -0.2150E-02  0.7457E-01  0.2799E+00  0.2656E+01 -0.8137E+01 -0.3280E+02 -0.1231E-11
  0.1390E+03 -0.2581E+03 -0.4282E+03 -0.2500E+03  0.6719E-05 -0.9612E+00 -0.3268E-02  0.7453E-01  0.2656E+00  0.2656E+01 -0.8137E+01 -0.3108E+02 -0.1239E-11
  0.1400E+03 -0.2451E+03 -0.4358E+03 -0.2500E+03  0.6719E-05 -0.9651E+00 -0.4386E-02  0.7447E-01  0.2511E+00  0.2656E+01 -0.8137E+01 -0.2936E+02 -0.1252E-11
  0.1410E+03 -0.2319E+03 -0.4429E+03 -0.2500E+03  0.6719E-05 -0.9687E+00 -0.5502E-02  0.7440E-01  0.2366E+00  0.2656E+01 -0.8137E+01 -0.2764E+02 -0.1262E-11
  0.1420E+03 -0.2186E+03 -0.4497E+03 -0.2500E+03  0.6719E-05 -0.9722E+00 -0.6617E-02  0.7431E-01  0.2220E+00  0.2656E+01 -0.8137E+01 -0.2592E+02 -0.1273E-11
  0.1430E+03 -0.2050E+03 -0.4561E+03 -0.2500E+03  0.6719E-05 -0.9754E+00 -0.7731E-02  0.7420E-01  0.2074E+00  0.2656E+01 -0.8137E+01 -0.2420E+02 -0.1281E-11
  0.1440E+03 -0.1912E+03 -0.4620E+03 -0.2500E+03  0.6719E-05 -0.9784E+00 -0.8843E-02  0.7408E-01  0.1928E+00  0.2656E+01 -0.8137E+01 -0.2248E+02 -0.1292E-11
  0.1450E+03 -0.1773E+03 -0.4675E+03 -0.2500E+03  0.6719E-05 -0.9812E+00 -0.9953E-02  0.7393E-01  0.1781E+00  0.2656E+01 -0.8137E+01 -0.2076E+02 -0.1302E-11
  0.1460E+03 -0.1632E+03 -0.4726E+03 -0.2500E+03  0.6719E-05 -0.9837E+00 -0.1106E-01  0.7378E-01  0.1633E+00  0.2656E+01 -0.8137E+01 -0.1904E+02 -0.1313E-11
  0.1470E+03 -0.1489E+03 -0.4773E+03 -0.2500E+03  0.6719E-05 -0.9861E+00 -0.1217E-01  0.7360E-01  0.1486E+00  0.2656E+01 -0.8137E+01 -0.1733E+02 -0.1322E-11
  0.1480E+03 -0.1345E+03 -0.4816E+03 -0.2500E+03  0.6719E-05 -0.9882E+00 -0.1327E-01  0.7341E-01  0.1338E+00  0.2656E+01 -0.8137E+01 -0.1561E+02 -0.1331E-11
  0.1490E+03 -0.1200E+03 -0.4854E+03 -0.2500E+03  0.6719E-05 -0.9901E+00 -0.1437E-01  0.7320E-01  0.1189E+00  0.2656E+01 -0.8137E+01 -0.1389E+02 -0.1337E-11
  0.1500E+03 -0.1054E+03 -0.4888E+03 -0.2500E+03  0.6719E-05 -0.9918E+00 -0.1547E-01  0.7298E-01  0.1041E+00  0.2656E+01 -0.8137E+01 -0.1217E+02 -0.1346E-11
  0.1510E+03 -0.9069E+02 -0.4917E+03 -0.2500E+03  0.6719E-05 -0.9932E+00 -0.1656E-01  0.7274E-01  0.8918E-01  0.2656E+01 -0.8137E+01 -0.1045E+02 -0.1353E-11
  0.1520E+03 -0.7590E+02 -0.4942E+03 -0.2500E+03  0.6719E-05 -0.9944E+00 -0.1765E-01  0.7248E-01  0.7427E-01  0.2656E+01 -0.8137E+01 -0.8731E+01 -0.1362E-11
  0.1530E+03 -0.6104E+02 -0.4963E+03 -0.2500E+03  0.6719E-05 -0.9954E+00 -0.1873E-01  0.7221E-01  0.5934E-01  0.2656E+01 -0.8137E+01 -0.7012E+01 -0.1373E-11
  0.1540E+03 -0.4613E+02 -0.4979E+03 -0.2500E+03  0.6719E-05 -0.9962E+00 -0.1981E-01  0.7192E-01  0.4441E-01  0.2656E+01 -0.8137E+01 -0.5293E+01 -0.1384E-11
  0.1550E+03 -0.3117E+02 -0.4990E+03 -0.2500E+03  0.6719E-05 -0.9968E+00 -0.2089E-01  0.7162E-01  0.2946E-01  0.2656E+01 -0.8137E+01 -0.3575E+01 -0.1392E-11
  0.1560E+03 -0.1619E+02 -0.4997E+03 -0.2500E+03  0.6719E-05 -0.9971E+00 -0.2196E-01  0.7130E-01  0.1450E-01  0.2656E+01 -0.8137E+01 -0.1856E+01 -0.1400E-11
  0.1570E+03 -0.1194E+01 -0.5000E+03 -0.2500E+03  0.6719E-05 -0.9972E+00 -0.2303E-01  0.7096E-01 -0.4529E-03  0.2656E+01 -0.8137E+01 -0.1369E+00 -0.1407E-11
  0.1580E+03  0.1380E+02 -0.4998E+03 -0.2500E+03  0.6719E-05 -0.9971E+00 -0.2409E-01  0.7060E-01 -0.1541E-01  0.2656E+01 -0.8137E+01  0.1582E+01 -0.1416E-11
  0.1590E+03  0.2879E+02 -0.4992E+03 -0.2500E+03  0.6719E-05 -0.9968E+00 -0.2515E-01  0.7023E-01 -0.3036E-01  0.2656E+01 -0.8137E+01  0.3301E+01 -0.1425E-11
  0.1600E+03  0.4375E+02 -0.4981E+03 -0.2500E+03  0.6719E-05 -0.9962E+00 -0.2620E-01  0.6985E-01 -0.4531E-01  0.2656E+01 -0.8137E+01  0.5020E+01 -0.1435E-11
  0.1610E+03  0.5867E+02 -0.4965E+03 -0.2500E+03  0.6719E-05 -0.9954E+00 -0.2724E-01  0.6945E-01 -0.6025E-01  0.2656E+01 -0.8137E+01  0.6739E+01 -0.1445E-11
  0.1620E+03  0.7354E+02 -0.4946E+03 -0.2500E+03  0.6719E-05 -0.9944E+00 -0.2828E-01  0.6903E-01 -0.7517E-01  0.2656E+01 -0.8137E+01  0.8457E+01 -0.1454E-11
  0.1630E+03  0.8834E+02 -0.4921E+03 -0.2500E+03  0.6719E-05 -0.9931E+00 -0.2931E-01  0.6860E-01 -0.9008E-01  0.2656E+01 -0.8137E+01  0.1018E+02 -0.1463E-11
  0.1640E+03  0.1031E+03 -0.4893E+03 -0.2500E+03  0.6719E-05 -0.9917E+00 -0.3034E-01  0.6815E-01 -0.1050E+00  0.2656E+01 -0.8137E+01  0.1190E+02 -0.1472E-11
  0.1650E+03  0.1177E+03 -0.4860E+03 -0.2500E+03  0.6719E-05 -0.9900E+00 -0.3136E-01  0.6769E-01 -0.1198E+00  0.2656E+01 -0.8137E+01  0.1361E+02 -0.1480E-11
  0.1660E+03  0.1322E+03 -0.4822E+03 -0.2500E+03  0.6719E-05 -0.9881E+00 -0.3237E-01  0.6721E-01 -0.1347E+00  0.2656E+01 -0.8137E+01  0.1533E+02 -0.1488E-11
  0.1670E+03  0.1466E+03 -0.4780E+03 -0.2500E+03  0.6719E-05 -0.9859E+00 -0.3337E-01  0.6672E-01 -0.1495E+00  0.2656E+01 -0.8137E+01  0.1705E+02 -0.1497E-11
  0.1680E+03  0.1609E+03 -0.4734E+03 -0.2500E+03  0.6719E-05 -0.9836E+00 -0.3437E-01  0.6621E-01 -0.1642E+00  0.2656E+01 -0.8137E+01  0.1877E+02 -0.1505E-11
  0.1690E+03  0.1750E+03 -0.4684E+03 -0.2500E+03  0.6719E-05 -0.9810E+00 -0.3536E-01  0.6569E-01 -0.1790E+00  0.2656E+01 -0.8137E+01  0.2049E+02 -0.1512E-11
  0.1700E+03  0.1890E+03 -0.4629E+03 -0.2500E+03  0.6719E-05 -0.9782E+00 -0.3634E-01  0.6515E-01 -0.1937E+00  0.2656E+01 -0.8137E+01  0.2221E+02 -0.1521E-11
  0.1710E+03  0.2028E+03 -0.4570E+03 -0.2500E+03  0.6719E-05 -0.9752E+00 -0.3731E-01  0.6460E-01 -0.2083E+00  0.2656E+01 -0.8137E+01  0.2393E+02 -0.1527E-11
  0.1720E+03  0.2164E+03 -0.4507E+03 -0.2500E+03  0.6719E-05 -0.9720E+00 -0.3828E-01  0.6403E-01 -0.2229E+00  0.2656E+01 -0.8137E+01  0.2565E+02 -0.1534E-11
  0.1730E+03  0.2298E+03 -0.4440E+03 -0.2500E+03  0.6719E-05 -0.9685E+00 -0.3924E-01  0.6345E-01 -0.2375E+00  0.2656E+01 -0.8137E+01  0.2737E+02 -0.1543E-11
  0.1740E+03  0.2430E+03 -0.4370E+03 -0.2500E+03  0.6719E-05 -0.9649E+00 -0.4018E-01  0.6285E-01 -0.2520E+00  0.2656E+01 -0.8137E+01  0.2908E+02 -0.1551E-11
  0.1750E+03  0.2560E+03 -0.4295E+03 -0.2500E+03  0.6719E-05 -0.9610E+00 -0.4112E-01  0.6224E-01 -0.2664E+00  0.2656E+01 -0.8137E+01  0.3080E+02 -0.1557E-11
  0.1760E+03  0.2688E+03 -0.4216E+03 -0.2500E+03  0.6719E-05 -0.9569E+00 -0.4205E-01  0.6162E-01 -0.2808E+00  0.2656E+01 -0.8137E+01  0.3252E+02 -0.1566E-11
  0.1770E+03  0.2813E+03 -0.4133E+03 -0.2500E+03  0.6719E-05 -0.9525E+00 -0.4297E-01  0.6098E-01 -0.2951E+00  0.2656E+01 -0.8137E+01  0.3424E+02 -0.1574E-11
  0.1780E+03  0.2936E+03 -0.4047E+03 -0.2500E+03  0.6719E-05 -0.9480E+00 -0.4388E-01  0.6033E-01 -0.3094E+00  0.2656E+01 -0.8137E+01  0.3596E+02 -0.1582E-11
  0.1790E+03  0.3056E+03 -0.3957E+03 -0.2500E+03  0.6719E-05 -0.9433E+00 -0.4478E-01  0.5967E-01 -0.3236E+00  0.2656E+01 -0.8137E+01  0.3768E+02 -0.1591E-11
  0.1800E+03  0.3173E+03 -0.3864E+03 -0.2500E+03  0.6719E-05 -0.9383E+00 -0.4567E-01  0.5899E-01 -0.3377E+00  0.2656E+01 -0.8137E+01  0.3940E+02 -0.1600E-11
  0.1810E+03  0.3288E+03 -0.3767E+03 -0.2500E+03  0.6719E-05 -0.9331E+00 -0.4655E-01  0.5830E-01 -0.3517E+00  0.2656E+01 -0.8137E+01  0.4112E+02 -0.1609E-11
  0.1820E+03  0.3399E+03 -0.3667E+03 -0.2500E+03  0.6719E-05 -0.9277E+00 -0.4742E-01  0.5759E-01 -0.3657E+00  0.2656E+01 -0.8137E+01  0.4283E+02 -0.1619E-11
  0.1830E+03  0.3508E+03 -0.3563E+03 -0.2500E+03  0.6719E-05 -0.9222E+00 -0.4828E-01  0.5687E-01 -0.3795E+00  0.2656E+01 -0.8137E+01  0.4455E+02 -0.1629E-11
  0.1840E+03  0.3613E+03 -0.3456E+03 -0.2500E+03  0.6719E-05 -0.9164E+00 -0.4912E-01  0.5614E-01 -0.3933E+00  0.2656E+01 -0.8137E+01  0.4627E+02 -0.1637E-11
  0.1850E+03  0.3715E+03 -0.3346E+03 -0.2500E+03  0.6719E-05 -0.9104E+00 -0.4996E-01  0.5540E-01 -0.4070E+00  0.2656E+01 -0.8137E+01  0.4799E+02 -0.1646E-11
  0.1860E+03  0.3814E+03 -0.3233E+03 -0.2500E+03  0.6719E-05 -0.9042E+00 -0.5079E-01  0.5464E-01 -0.4206E+00  0.2656E+01 -0.8137E+01  0.4971E+02 -0.1656E-11
  0.1870E+03  0.3909E+03 -0.3117E+03 -0.2500E+03  0.6719E-05 -0.8977E+00 -0.5160E-01  0.5388E-01 -0.4342E+00  0.2656E+01 -0.8137E+01  0.5143E+02 -0.1667E-11
  0.1880E+03  0.4001E+03 -0.2999E+03 -0.2500E+03  0.6719E-05 -0.8911E+00 -0.5240E-01  0.5310E-01 -0.4476E+00  0.2656E+01 -0.8137E+01  0.5315E+02 -0.1676E-11
  0.1890E+03  0.4089E+03 -0.2877E+03 -0.2500E+03  0.6719E-05 -0.8843E+00 -0.5319E-01  0.5230E-01 -0.4609E+00  0.2656E+01 -0.8137E+01  0.5487E+02 -0.1683E-11
  0.1900E+03  0.4174E+03 -0.2753E+03 -0.2500E+03  0.6719E-05 -0.8773E+00 -0.5397E-01  0.5150E-01 -0.4741E+00  0.2656E+01 -0.8137E+01  0.5659E+02 -0.1691E-11
  0.1910E+03  0.4254E+03 -0.2627E+03 -0.2500E+03  0.6719E-05 -0.8701E+00 -0.5474E-01  0.5069E-01 -0.4872E+00  0.2656E+01 -0.8137E+01  0.5830E+02 -0.1701E-11
  0.1920E+03  0.4331E+03 -0.2498E+03 -0.2500E+03  0.6719E-05 -0.8627E+00 -0.5549E-01  0.4986E-01 -0.5002E+00  0.2656E+01 -0.8137E+01  0.6002E+02 -0.1710E-11
  0.1930E+03  0.4404E+03 -0.2367E+03 -0.2500E+03  0.6719E-05 -0.8551E+00 -0.5623E-01  0.4902E-01 -0.5131E+00  0.2656E+01 -0.8137E+01  0.6174E+02 -0.1718E-11
  0.1940E+03  0.4473E+03 -0.2234E+03 -0.2500E+03  0.6719E-05 -0.8473E+00 -0.5696E-01  0.4817E-01 -0.5259E+00  0.2656E+01 -0.8137E+01  0.6346E+02 -0.1727E-11
  0.1950E+03  0.4538E+03 -0.2099E+03 -0.2500E+03  0.6719E-05 -0.8393E+00 -0.5768E-01  0.4731E-01 -0.5385E+00  0.2656E+01 -0.8137E+01  0.6518E+02 -0.1736E-11
  0.1960E+03  0.4599E+03 -0.1962E+03 -0.2500E+03  0.6719E-05 -0.8311E+00 -0.5838E-01  0.4644E-01 -0.5510E+00  0.2656E+01 -0.8137E+01  0.6690E+02 -0.1747E-11
  0.1970E+03  0.4656E+03 -0.1823E+03 -0.2500E+03  0.6719E-05 -0.8228E+00 -0.5907E-01  0.4556E-01 -0.5634E+00  0.2656E+01 -0.8137E+01  0.6862E+02 -0.1755E-11
  0.1980E+03  0.4708E+03 -0.1682E+03 -0.2500E+03  0.6719E-05 -0.8142E+00 -0.5975E-01  0.4467E-01 -0.5757E+00  0.2656E+01 -0.8137E+01  0.7034E+02 -0.1766E-11
  0.1990E+03  0.4757E+03 -0.1540E+03 -0.2500E+03  0.6719E-05 -0.8055E+00 -0.6041E-01  0.4377E-01 -0.5879E+00  0.2656E+01 -0.8137E+01  0.7206E+02 -0.1774E-11
  0.2000E+03  0.4801E+03 -0.1397E+03 -0.2500E+03  0.6719E-05 -0.7966E+00 -0.6106E-01  0.4286E-01 -0.5999E+00  0.2656E+01 -0.8137E+01  0.7377E+02 -0.1786E-11
  0.2010E+03  0.4841E+03 -0.1252E+03 -0.2500E+03  0.6719E-05 -0.7875E+00 -0.6170E-01  0.4194E-01 -0.6118E+00  0.2656E+01 -0.8137E+01  0.7549E+02 -0.1795E-11
  0.2020E+03  0.4876E+03 -0.1107E+03 -0.2500E+03  0.6719E-05 -0.7782E+00 -0.6232E-01  0.4101E-01 -0.6235E+00  0.2656E+01 -0.8137E+01  0.7721E+02 -0.1806E-11
  0.2030E+03  0.4907E+03 -0.9599E+02 -0.2500E+03  0.6719E-05 -0.7688E+00 -0.6293E-01  0.4007E-01 -0.6351E+00  0.2656E+01 -0.8137E+01  0.7893E+02 -0.1817E-11
  0.2040E+03  0.4934E+03 -0.8123E+02 -0.2500E+03  0.6719E-05 -0.7592E+00 -0.6352E-01  0.3912E-01 -0.6466E+00  0.2656E+01 -0.8137E+01  0.8065E+02 -0.1825E-11
  0.2050E+03  0.4956E+03 -0.6640E+02 -0.2500E+03  0.6719E-05 -0.7494E+00 -0.6410E-01  0.3816E-01 -0.6579E+00  0.2656E+01 -0.8137E+01  0.8237E+02 -0.1838E-11
  0.2060E+03  0.4973E+03 -0.5150E+02 -0.2500E+03  0.6719E-05 -0.7395E+00 -0.6467E-01  0.3720E-01 -0.6691E+00  0.2656E+01 -0.8137E+01  0.8409E+02 -0.1848E-11
  0.2070E+03  0.4987E+03 -0.3656E+02 -0.2500E+03  0.6719E-05 -0.7293E+00 -0.6522E-01  0.3622E-01 -0.6801E+00  0.2656E+01 -0.8137E+01  0.8581E+02 -0.1858E-11
  0.2080E+03  0.4995E+03 -0.2159E+02 -0.2500E+03  0.6719E-05 -0.7191E+00 -0.6575E-01  0.3524E-01 -0.6909E+00  0.2656E+01 -0.8137E+01  0.8753E+02 -0.1871E-11
  0.2090E+03  0.5000E+03 -0.6592E+01 -0.2500E+03  0.6719E-05 -0.7086E+00 -0.6627E-01  0.3425E-01 -0.7016E+00  0.2656E+01 -0.8137E+01  0.8924E+02 -0.1882E-11
